#
# There is insufficient memory for the Java Runtime Environment to continue.
# Native memory allocation (mmap) failed to map 268435456 bytes for Failed to commit area from 0x00000000e0000000 to 0x00000000f0000000 of length 268435456.
# Possible reasons:
#   The system is out of physical RAM or swap space
#   The process is running with CompressedOops enabled, and the Java Heap may be blocking the growth of the native heap
# Possible solutions:
#   Reduce memory load on the system
#   Increase physical memory or swap space
#   Check if swap backing store is full
#   Decrease Java heap size (-Xmx/-Xms)
#   Decrease number of Java threads
#   Decrease Java thread stack sizes (-Xss)
#   Set larger code cache with -XX:ReservedCodeCacheSize=
# This output file may be truncated or incomplete.
#
#  Out of Memory Error (t:/workspace/open/src/hotspot/os/windows/os_windows.cpp:3271), pid=27312, tid=15772
#
# JRE version:  (11.0.6+8) (build )
# Java VM: Java HotSpot(TM) 64-Bit Server VM (11.0.6+8-LTS, mixed mode, sharing, tiered, compressed oops, g1 gc, windows-amd64)
# No core dump will be written. Minidumps are not enabled by default on client versions of Windows
#

---------------  S U M M A R Y ------------

Command Line: -Dorg.gradle.native=false -agentlib:jdwp=transport=dt_socket,server=n,suspend=y,address=127.0.0.1:50520 -Xmx512m -Dfile.encoding=UTF-8 -Duser.country=CN -Duser.language=zh -Duser.variant -ea worker.org.gradle.process.internal.worker.GradleWorkerMain 'Gradle Test Executor 1'

Host: Intel(R) Core(TM) i5-7200U CPU @ 2.50GHz, 4 cores, 15G,  Windows 10 , 64 bit Build 14393 (10.0.14393.4651)
Time: Sun Feb 27 17:02:56 2022 ?D1¨²¡À¨º¡Á?¨º¡À?? elapsed time: 0 seconds (0d 0h 0m 0s)

---------------  T H R E A D  ---------------

Current thread (0x0000019237598000):  JavaThread "Unknown thread" [_thread_in_vm, id=15772, stack(0x0000003ee9100000,0x0000003ee9200000)]

Stack: [0x0000003ee9100000,0x0000003ee9200000]
Native frames: (J=compiled Java code, j=interpreted, Vv=VM code, C=native code)
V  [jvm.dll+0x63679a]
V  [jvm.dll+0x7755bf]
V  [jvm.dll+0x776c65]
V  [jvm.dll+0x7772d3]
V  [jvm.dll+0x25e7f8]
V  [jvm.dll+0x633c4a]
V  [jvm.dll+0x628625]
V  [jvm.dll+0x314a7c]
V  [jvm.dll+0x314902]
V  [jvm.dll+0x31a176]
V  [jvm.dll+0x36650f]
V  [jvm.dll+0x365f30]
V  [jvm.dll+0x2f1a78]
V  [jvm.dll+0x2f2bf6]
V  [jvm.dll+0x74e707]
V  [jvm.dll+0x74fe7f]
V  [jvm.dll+0x373349]
V  [jvm.dll+0x734e5e]
V  [jvm.dll+0x3e2b5d]
V  [jvm.dll+0x3e4ef1]
C  [java.exe+0x3607]
C  [java.exe+0x178dc]
C  [KERNEL32.DLL+0x84d4]
C  [ntdll.dll+0x51791]


---------------  P R O C E S S  ---------------

Threads class SMR info:
_java_thread_list=0x00000192354ef7b0, length=0, elements={
}

Java Threads: ( => current thread )

Other Threads:
  0x00000192375ae000 GCTaskThread "GC Thread#0" [stack: 0x0000003ee9200000,0x0000003ee9300000] [id=12832]
  0x00000192375bd800 ConcurrentGCThread "G1 Main Marker" [stack: 0x0000003ee9300000,0x0000003ee9400000] [id=21340]
  0x00000192375bf800 ConcurrentGCThread "G1 Conc#0" [stack: 0x0000003ee9400000,0x0000003ee9500000] [id=22060]

[error occurred during error reporting (printing all threads), id 0xc0000005, EXCEPTION_ACCESS_VIOLATION (0xc0000005) at pc=0x00007ffc761c0207]

VM state:not at safepoint (not fully initialized)

VM Mutex/Monitor currently owned by a thread:  ([mutex/lock_event])
[0x0000019237594680] Heap_lock - owner thread: 0x0000019237598000

Heap address: 0x00000000e0000000, size: 512 MB, Compressed Oops mode: Non-zero based: 0x00000000e0000000
Narrow klass base: 0x0000000000000000, Narrow klass shift: 0

GC Heap History (0 events):
No events

Deoptimization events (0 events):
No events

Classes redefined (0 events):
No events

Internal exceptions (0 events):
No events

Events (0 events):
No events


Dynamic libraries:
0x00007ff780140000 - 0x00007ff780187000 	E:\home\jdk-11.0.6_windows-x64_bin\jdk-11.0.6\bin\java.exe
0x00007ffcc04c0000 - 0x00007ffcc068f000 	C:\windows\SYSTEM32\ntdll.dll
0x00007ffcbe400000 - 0x00007ffcbe4ad000 	C:\windows\System32\KERNEL32.DLL
0x00007ffcbc990000 - 0x00007ffcbcbae000 	C:\windows\System32\KERNELBASE.dll
0x00007ffcbe0d0000 - 0x00007ffcbe176000 	C:\windows\System32\ADVAPI32.dll
0x00007ffcbddd0000 - 0x00007ffcbde6e000 	C:\windows\System32\msvcrt.dll
0x00007ffcbe4b0000 - 0x00007ffcbe50b000 	C:\windows\System32\sechost.dll
0x00007ffcbe2e0000 - 0x00007ffcbe3fd000 	C:\windows\System32\RPCRT4.dll
0x00007ffcbded0000 - 0x00007ffcbe036000 	C:\windows\System32\USER32.dll
0x00007ffcbd9f0000 - 0x00007ffcbda0e000 	C:\windows\System32\win32u.dll
0x00007ffcbeba0000 - 0x00007ffcbebd4000 	C:\windows\System32\GDI32.dll
0x00007ffcbd860000 - 0x00007ffcbd9e4000 	C:\windows\System32\gdi32full.dll
0x00007ffcbbee0000 - 0x00007ffcbc15a000 	C:\windows\WinSxS\amd64_microsoft.windows.common-controls_6595b64144ccf1df_6.0.14393.4169_none_7de0bbf28341b1f2\COMCTL32.dll
0x00007ffcb0ef0000 - 0x00007ffcb0efa000 	C:\windows\SYSTEM32\VERSION.dll
0x00007ffcc01f0000 - 0x00007ffcc04b6000 	C:\windows\System32\combase.dll
0x00007ffcbd4f0000 - 0x00007ffcbd5e4000 	C:\windows\System32\ucrtbase.dll
0x00007ffcbd5f0000 - 0x00007ffcbd65c000 	C:\windows\System32\bcryptPrimitives.dll
0x00007ffcc01c0000 - 0x00007ffcc01ee000 	C:\windows\System32\IMM32.DLL
0x00007ffcac300000 - 0x00007ffcac316000 	E:\home\jdk-11.0.6_windows-x64_bin\jdk-11.0.6\bin\vcruntime140.dll
0x00007ffc81750000 - 0x00007ffc817fa000 	E:\home\jdk-11.0.6_windows-x64_bin\jdk-11.0.6\bin\msvcp140.dll
0x00007ffc75ec0000 - 0x00007ffc769e9000 	E:\home\jdk-11.0.6_windows-x64_bin\jdk-11.0.6\bin\server\jvm.dll
0x00007ffcbe040000 - 0x00007ffcbe048000 	C:\windows\System32\PSAPI.DLL
0x00007ffcaf1f0000 - 0x00007ffcaf1f9000 	C:\windows\SYSTEM32\WSOCK32.dll
0x00007ffcba3e0000 - 0x00007ffcba403000 	C:\windows\SYSTEM32\WINMM.dll
0x00007ffcc00f0000 - 0x00007ffcc015a000 	C:\windows\System32\WS2_32.dll
0x00007ffcba3b0000 - 0x00007ffcba3db000 	C:\windows\SYSTEM32\WINMMBASE.dll
0x00007ffcbda10000 - 0x00007ffcbda52000 	C:\windows\System32\cfgmgr32.dll
0x00007ffcbc970000 - 0x00007ffcbc97f000 	C:\windows\System32\kernel.appcore.dll
0x00007ffca6450000 - 0x00007ffca6461000 	E:\home\jdk-11.0.6_windows-x64_bin\jdk-11.0.6\bin\verify.dll
0x00007ffcbc360000 - 0x00007ffcbc4f2000 	C:\windows\SYSTEM32\DBGHELP.DLL
0x00007ffcbc1d0000 - 0x00007ffcbc1f9000 	C:\windows\SYSTEM32\dbgcore.DLL
0x00007ffc9f0e0000 - 0x00007ffc9f109000 	E:\home\jdk-11.0.6_windows-x64_bin\jdk-11.0.6\bin\java.dll
0x00007ffca8a10000 - 0x00007ffca8a47000 	E:\home\jdk-11.0.6_windows-x64_bin\jdk-11.0.6\bin\jdwp.dll
0x00007ffc9f0c0000 - 0x00007ffc9f0d6000 	E:\home\jdk-11.0.6_windows-x64_bin\jdk-11.0.6\bin\zip.dll
0x00007ffcaf1e0000 - 0x00007ffcaf1ea000 	E:\home\jdk-11.0.6_windows-x64_bin\jdk-11.0.6\bin\jimage.dll

dbghelp: loaded successfully - version: 4.0.5 - missing functions: none
symbol engine: initialized successfully - sym options: 0x614 - pdb path: .;E:\home\jdk-11.0.6_windows-x64_bin\jdk-11.0.6\bin;C:\windows\SYSTEM32;C:\windows\WinSxS\amd64_microsoft.windows.common-controls_6595b64144ccf1df_6.0.14393.4169_none_7de0bbf28341b1f2;E:\home\jdk-11.0.6_windows-x64_bin\jdk-11.0.6\bin\server

VM Arguments:
jvm_args: -Dorg.gradle.native=false -agentlib:jdwp=transport=dt_socket,server=n,suspend=y,address=127.0.0.1:50520 -Xmx512m -Dfile.encoding=UTF-8 -Duser.country=CN -Duser.language=zh -Duser.variant -ea 
java_command: worker.org.gradle.process.internal.worker.GradleWorkerMain 'Gradle Test Executor 1'
java_class_path (initial): C:\\Users\\Administrator\\.gradle\\caches\\6.8\\workerMain\\gradle-worker.jar;F:\\integration\\basic\\SpringWithGradle\\spring-cloud-all\\eureka-client\\out\\classes\\java\\test;F:\\integration\\basic\\SpringWithGradle\\spring-cloud-all\\eureka-client\\out\\resources\\test;F:\\integration\\basic\\SpringWithGradle\\spring-cloud-all\\eureka-client\\out\\classes\\java\\main;F:\\integration\\basic\\SpringWithGradle\\spring-cloud-all\\eureka-client\\out\\resources\\main;C:\\Users\\Administrator\\.gradle\\caches\\modules-2\\files-2.1\\org.springframework.boot\\spring-boot-starter-test\\2.2.9.RELEASE\\66f1f784bd459e414ed17367db62ac59cb8a3c08\\spring-boot-starter-test-2.2.9.RELEASE.jar;C:\\Users\\Administrator\\.gradle\\caches\\modules-2\\files-2.1\\org.springframework.boot\\spring-boot-starter-web\\2.2.9.RELEASE\\a936bcd97fec96ed3d2d096f6b08b6f6596366c0\\spring-boot-starter-web-2.2.9.RELEASE.jar;C:\\Users\\Administrator\\.gradle\\caches\\modules-2\\files-2.1\\org.springframework.boot\\spring-boot-starter-json\\2.2.9.RELEASE\\6e14573830dc2f7d9680de2f7aaaf736bfac2a4c\\spring-boot-starter-json-2.2.9.RELEASE.jar;F:\\repo\\org\\springframework\\cloud\\spring-cloud-starter-netflix-eureka-client\\2.2.9.RELEASE\\spring-cloud-starter-netflix-eureka-client-2.2.9.RELEASE.jar;F:\\repo\\org\\springframework\\cloud\\spring-cloud-starter-netflix-ribbon\\2.2.9.RELEASE\\spring-cloud-starter-netflix-ribbon-2.2.9.RELEASE.jar;F:\\repo\\org\\springframework\\cloud\\spring-cloud-starter-netflix-archaius\\2.2.9.RELEASE\\spring-cloud-starter-netflix-archaius-2.2.9.RELEASE.jar;F:\\repo\\org\\springframework\\cloud\\spring-cloud-starter-loadbalancer\\2.2.9.RELEASE\\spring-cloud-starter-loadbalancer-2.2.9.RELEASE.jar;F:\\repo\\org\\springframework\\cloud\\spring-cloud-starter\\2.2.9.RELEASE\\spring-cloud-starter-2.2.9.RELEASE.jar;F:\\repo\\org\\springframework\\cloud\\spring-cloud-netflix-eureka-client\\2.2.9.RELEASE\\spring-cloud-netflix-eureka-client-2.2.9.RELEASE.jar;
Launcher Type: SUN_STANDARD

[Global flags]
     intx CICompilerCount                          = 3                                         {product} {ergonomic}
     uint ConcGCThreads                            = 1                                         {product} {ergonomic}
     uint G1ConcRefinementThreads                  = 4                                         {product} {ergonomic}
   size_t G1HeapRegionSize                         = 1048576                                   {product} {ergonomic}
    uintx GCDrainStackTargetSize                   = 64                                        {product} {ergonomic}
   size_t InitialHeapSize                          = 268435456                                 {product} {ergonomic}
   size_t MarkStackSize                            = 4194304                                   {product} {ergonomic}
   size_t MaxHeapSize                              = 536870912                                 {product} {command line}
   size_t MinHeapDeltaBytes                        = 1048576                                   {product} {ergonomic}
    uintx NonNMethodCodeHeapSize                   = 5830732                                {pd product} {ergonomic}
    uintx NonProfiledCodeHeapSize                  = 122913754                              {pd product} {ergonomic}
    uintx ProfiledCodeHeapSize                     = 122913754                              {pd product} {ergonomic}
    uintx ReservedCodeCacheSize                    = 251658240                              {pd product} {ergonomic}
     bool SegmentedCodeCache                       = true                                      {product} {ergonomic}
     bool UseCompressedClassPointers               = true                                 {lp64_product} {ergonomic}
     bool UseCompressedOops                        = true                                 {lp64_product} {ergonomic}
     bool UseG1GC                                  = true                                      {product} {ergonomic}
     bool UseLargePagesIndividualAllocation        = false                                  {pd product} {ergonomic}

Logging:
Log output configuration:
 #0: stdout all=warning uptime,level,tags
 #1: stderr all=off uptime,level,tags

Environment Variables:
JAVA_HOME=E:\home\jdk-11.0.6_windows-x64_bin\jdk-11.0.6
PATH=F:\software\oracleDB\product\11.2.0\dbhome_1\bin;C:\Program Files (x86)\NetSarang\Xftp 6\;C:\windows\system32;C:\windows;C:\windows\System32\Wbem;C:\windows\System32\WindowsPowerShell\v1.0\;C:\Users\Administrator\Downloads\gradle-5.4-rc-1-bin\gradle-5.4-rc-1\bin;F:\software\redis;F:\software\apache-maven-3.5.4-bin\apache-maven-3.5.4\bin;D:\Program Files\mongdb\bin;D:\Program Files\nodejs;C:\Program Files (x86)\NVIDIA Corporation\PhysX\Common;C:\Program Files\TortoiseSVN\bin;C:\Program Files\Git\cmd;C:\Users\Administrator\AppData\Roaming\npm;G:\mysql-5.7.24-winx64\bin;F:\software\mysql-5.6.41-winx64\bin;G:\rocketmq-all-4.4.0\bin;F:\repo\hadoop-common-bin-master\2.7.3\bin;C:\Users\Administrator\AppData\Local\Programs\Python\Python37;C:\Program Files\Microsoft SQL Server\110\DTS\Binn\;C:\Program Files (x86)\Microsoft SQL Server\110\Tools\Binn\;C:\Program Files\Microsoft SQL Server\110\Tools\Binn\;C:\Program Files (x86)\Microsoft SQL Server\110\Tools\Binn\ManagementStudio\;C:\Program Files (x86)\Microsoft Visual Studio 10.0\Common7\IDE\PrivateAssemblies\;C:\Program Files (x86)\Microsoft SQL Server\110\DTS\Binn\;F:\software\apache-ant-1.9.14-bin\apache-ant-1.9.14\bin;C:\Program Files (x86)\NetSarang\Xshell 7\;C:\Program Files (x86)\NetSarang\Xftp 7\;C:\Program Files\MIT\Kerberos\bin;E:\home\jdk-11.0.6_windows-x64_bin\jdk-11.0.6\bin;C:\Users\Administrator\AppData\Local\Microsoft\WindowsApps;;D:\Program Files (x86)\Docker Toolbox;D:\Program Files\IntelliJ IDEA 2019.3.2\bin;;C:\Program Files\JetBrains\DataGrip 2021.1\bin;
USERNAME=Administrator
OS=Windows_NT
PROCESSOR_IDENTIFIER=Intel64 Family 6 Model 142 Stepping 9, GenuineIntel



---------------  S Y S T E M  ---------------

OS: Windows 10 , 64 bit Build 14393 (10.0.14393.4651)

CPU:total 4 (initial active 4) (2 cores per cpu, 2 threads per core) family 6 model 142 stepping 9, cmov, cx8, fxsr, mmx, sse, sse2, sse3, ssse3, sse4.1, sse4.2, popcnt, avx, avx2, aes, clmul, erms, 3dnowpref, lzcnt, ht, tsc, tscinvbit, bmi1, bmi2, adx, fma

Memory: 4k page, system-wide physical 16286M (2122M free)
TotalPageFile size 34079M (AvailPageFile size 12M)
current process WorkingSet (physical memory assigned to process): 10M, peak: 10M
current process commit charge ("private bytes"): 51M, peak: 307M

vm_info: Java HotSpot(TM) 64-Bit Server VM (11.0.6+8-LTS) for windows-amd64 JRE (11.0.6+8-LTS), built on Dec 11 2019 09:17:57 by "mach5one" with MS VC++ 15.5 (VS2017)

END.
