#
# There is insufficient memory for the Java Runtime Environment to continue.
# Native memory allocation (malloc) failed to allocate 971616 bytes for Chunk::new
# Possible reasons:
#   The system is out of physical RAM or swap space
#   The process is running with CompressedOops enabled, and the Java Heap may be blocking the growth of the native heap
# Possible solutions:
#   Reduce memory load on the system
#   Increase physical memory or swap space
#   Check if swap backing store is full
#   Decrease Java heap size (-Xmx/-Xms)
#   Decrease number of Java threads
#   Decrease Java thread stack sizes (-Xss)
#   Set larger code cache with -XX:ReservedCodeCacheSize=
#   JVM is running with Unscaled Compressed Oops mode in which the Java heap is
#     placed in the first 4GB address space. The Java Heap base address is the
#     maximum limit for the native heap growth. Please use -XX:HeapBaseMinAddress
#     to set the Java Heap base and to place the Java Heap above 4GB virtual address.
# This output file may be truncated or incomplete.
#
#  Out of Memory Error (t:/workspace/open/src/hotspot/share/memory/arena.cpp:197), pid=101672, tid=59264
#
# JRE version: Java(TM) SE Runtime Environment (11.0.6+8) (build 11.0.6+8-LTS)
# Java VM: Java HotSpot(TM) 64-Bit Server VM (11.0.6+8-LTS, mixed mode, tiered, compressed oops, g1 gc, windows-amd64)
# No core dump will be written. Minidumps are not enabled by default on client versions of Windows
#

---------------  S U M M A R Y ------------

Command Line: --add-opens=java.base/java.util=ALL-UNNAMED --add-opens=java.base/java.lang=ALL-UNNAMED --add-opens=java.base/java.lang.invoke=ALL-UNNAMED --add-opens=java.prefs/java.util.prefs=ALL-UNNAMED -XX:MaxMetaspaceSize=256m -XX:+HeapDumpOnOutOfMemoryError -Xms256m -Xmx512m -Dfile.encoding=UTF-8 -Duser.country=CN -Duser.language=zh -Duser.variant org.gradle.launcher.daemon.bootstrap.GradleDaemon 6.8

Host: Intel(R) Core(TM) i5-7200U CPU @ 2.50GHz, 4 cores, 15G,  Windows 10 , 64 bit Build 14393 (10.0.14393.4651)
Time: Tue Mar  8 15:52:29 2022 ?D1¨²¡À¨º¡Á?¨º¡À?? elapsed time: 23 seconds (0d 0h 0m 23s)

---------------  T H R E A D  ---------------

Current thread (0x000001791f21e000):  JavaThread "C2 CompilerThread0" daemon [_thread_in_native, id=59264, stack(0x00000057a5000000,0x00000057a5100000)]


Current CompileTask:
C2:  23913 4220       4       org.objectweb.asm.Frame::execute (2318 bytes)

Stack: [0x00000057a5000000,0x00000057a5100000]
Native frames: (J=compiled Java code, j=interpreted, Vv=VM code, C=native code)
V  [jvm.dll+0x63679a]
V  [jvm.dll+0x7755bf]
V  [jvm.dll+0x776c65]
V  [jvm.dll+0x7772d3]
V  [jvm.dll+0x25e7f8]
V  [jvm.dll+0xc1c01]
V  [jvm.dll+0xc219c]
V  [jvm.dll+0x2cf424]
V  [jvm.dll+0x552d3f]
V  [jvm.dll+0x21a49f]
V  [jvm.dll+0x2173d6]
V  [jvm.dll+0x193a2c]
V  [jvm.dll+0x226544]
V  [jvm.dll+0x224b28]
V  [jvm.dll+0x73a9c5]
V  [jvm.dll+0x733905]
V  [jvm.dll+0x635846]
C  [ucrtbase.dll+0x1fb80]
C  [KERNEL32.DLL+0x84d4]
C  [ntdll.dll+0x51791]


---------------  P R O C E S S  ---------------

Threads class SMR info:
_java_thread_list=0x0000017921a47e70, length=37, elements={
0x0000017903dfd000, 0x000001791e9a2800, 0x000001791e9a3800, 0x000001791e9be000,
0x000001791f21a000, 0x000001791f21e000, 0x000001791f222800, 0x000001791f287000,
0x000001791f377000, 0x000001791f38c800, 0x0000017920d79800, 0x0000017920d7c800,
0x00000179211fd800, 0x0000017920a14800, 0x0000017920263800, 0x000001791f3d1800,
0x00000179204b8000, 0x000001791f3d5000, 0x00000179214a7800, 0x00000179214a8800,
0x000001791feaf000, 0x000001791feb5800, 0x000001791feb2800, 0x000001791feb4800,
0x000001791feb3000, 0x000001791feb0000, 0x000001791feb0800, 0x000001791feb1800,
0x000001791feb4000, 0x000001792212b800, 0x000001792212a000, 0x000001792212b000,
0x0000017925776800, 0x000001792212d800, 0x000001792212e000, 0x000001792212f000,
0x0000017922129800
}

Java Threads: ( => current thread )
  0x0000017903dfd000 JavaThread "main" [_thread_blocked, id=37008, stack(0x00000057a4500000,0x00000057a4600000)]
  0x000001791e9a2800 JavaThread "Reference Handler" daemon [_thread_blocked, id=46004, stack(0x00000057a4c00000,0x00000057a4d00000)]
  0x000001791e9a3800 JavaThread "Finalizer" daemon [_thread_blocked, id=83216, stack(0x00000057a4d00000,0x00000057a4e00000)]
  0x000001791e9be000 JavaThread "Signal Dispatcher" daemon [_thread_blocked, id=99100, stack(0x00000057a4e00000,0x00000057a4f00000)]
  0x000001791f21a000 JavaThread "Attach Listener" daemon [_thread_blocked, id=16784, stack(0x00000057a4f00000,0x00000057a5000000)]
=>0x000001791f21e000 JavaThread "C2 CompilerThread0" daemon [_thread_in_native, id=59264, stack(0x00000057a5000000,0x00000057a5100000)]
  0x000001791f222800 JavaThread "C1 CompilerThread0" daemon [_thread_blocked, id=82724, stack(0x00000057a5100000,0x00000057a5200000)]
  0x000001791f287000 JavaThread "Sweeper thread" daemon [_thread_blocked, id=16472, stack(0x00000057a5200000,0x00000057a5300000)]
  0x000001791f377000 JavaThread "Common-Cleaner" daemon [_thread_blocked, id=11828, stack(0x00000057a5300000,0x00000057a5400000)]
  0x000001791f38c800 JavaThread "Service Thread" daemon [_thread_blocked, id=67616, stack(0x00000057a5400000,0x00000057a5500000)]
  0x0000017920d79800 JavaThread "Daemon health stats" [_thread_blocked, id=88268, stack(0x00000057a5a00000,0x00000057a5b00000)]
  0x0000017920d7c800 JavaThread "Incoming local TCP Connector on port 62430" [_thread_in_native, id=44152, stack(0x00000057a5d00000,0x00000057a5e00000)]
  0x00000179211fd800 JavaThread "Daemon periodic checks" [_thread_blocked, id=59504, stack(0x00000057a5e00000,0x00000057a5f00000)]
  0x0000017920a14800 JavaThread "Daemon" [_thread_blocked, id=40280, stack(0x00000057a5f00000,0x00000057a6000000)]
  0x0000017920263800 JavaThread "Handler for socket connection from /127.0.0.1:62430 to /127.0.0.1:62432" [_thread_in_native, id=95400, stack(0x00000057a6000000,0x00000057a6100000)]
  0x000001791f3d1800 JavaThread "Cancel handler" [_thread_blocked, id=35724, stack(0x00000057a6100000,0x00000057a6200000)]
  0x00000179204b8000 JavaThread "Daemon worker" [_thread_in_Java, id=41316, stack(0x00000057a6200000,0x00000057a6300000)]
  0x000001791f3d5000 JavaThread "Asynchronous log dispatcher for DefaultDaemonConnection: socket connection from /127.0.0.1:62430 to /127.0.0.1:62432" [_thread_blocked, id=49500, stack(0x00000057a6300000,0x00000057a6400000)]
  0x00000179214a7800 JavaThread "Stdin handler" [_thread_blocked, id=78868, stack(0x00000057a6400000,0x00000057a6500000)]
  0x00000179214a8800 JavaThread "Daemon client event forwarder" [_thread_blocked, id=99872, stack(0x00000057a6500000,0x00000057a6600000)]
  0x000001791feaf000 JavaThread "Cache worker for file hash cache (C:\Users\Administrator\.gradle\caches\6.8\fileHashes)" [_thread_blocked, id=73452, stack(0x00000057a6600000,0x00000057a6700000)]
  0x000001791feb5800 JavaThread "File lock request listener" [_thread_in_native, id=34876, stack(0x00000057a6700000,0x00000057a6800000)]
  0x000001791feb2800 JavaThread "Cache worker for journal cache (C:\Users\Administrator\.gradle\caches\journal-1)" [_thread_blocked, id=98284, stack(0x00000057a6800000,0x00000057a6900000)]
  0x000001791feb4800 JavaThread "Cache worker for file hash cache (F:\integration\spring-boot-all\spring-boot\.gradle\6.8\fileHashes)" [_thread_blocked, id=93580, stack(0x00000057a6900000,0x00000057a6a00000)]
  0x000001791feb3000 JavaThread "Cache worker for checksums cache (F:\integration\spring-boot-all\spring-boot\.gradle\checksums)" [_thread_blocked, id=26300, stack(0x00000057a6a00000,0x00000057a6b00000)]
  0x000001791feb0000 JavaThread "Cache worker for cache directory md-supplier (C:\Users\Administrator\.gradle\caches\6.8\md-supplier)" [_thread_blocked, id=63848, stack(0x00000057a6b00000,0x00000057a6c00000)]
  0x000001791feb0800 JavaThread "Cache worker for cache directory md-rule (C:\Users\Administrator\.gradle\caches\6.8\md-rule)" [_thread_blocked, id=20164, stack(0x00000057a6c00000,0x00000057a6d00000)]
  0x000001791feb1800 JavaThread "Cache worker for execution history cache (C:\Users\Administrator\.gradle\caches\6.8\executionHistory)" [_thread_blocked, id=4596, stack(0x00000057a6d00000,0x00000057a6e00000)]
  0x000001791feb4000 JavaThread "jar transforms" [_thread_blocked, id=100652, stack(0x00000057a6e00000,0x00000057a6f00000)]
  0x000001792212b800 JavaThread "Cache worker for file content cache (C:\Users\Administrator\.gradle\caches\6.8\fileContent)" [_thread_blocked, id=61920, stack(0x00000057a7000000,0x00000057a7100000)]
  0x000001792212a000 JavaThread "Cache worker for Build Output Cleanup Cache (F:\integration\spring-boot-all\spring-boot\buildSrc\.gradle\buildOutputCleanup)" [_thread_blocked, id=44412, stack(0x00000057a7200000,0x00000057a7300000)]
  0x000001792212b000 JavaThread "Memory manager" [_thread_blocked, id=47068, stack(0x00000057a7300000,0x00000057a7400000)]
  0x0000017925776800 JavaThread "C2 CompilerThread1" daemon [_thread_blocked, id=68232, stack(0x00000057a7400000,0x00000057a7500000)]
  0x000001792212d800 JavaThread "Execution worker for ':buildSrc'" [_thread_blocked, id=97660, stack(0x00000057a7500000,0x00000057a7600000)]
  0x000001792212e000 JavaThread "Execution worker for ':buildSrc' Thread 2" [_thread_blocked, id=23204, stack(0x00000057a7600000,0x00000057a7700000)]
  0x000001792212f000 JavaThread "Execution worker for ':buildSrc' Thread 3" [_thread_blocked, id=50016, stack(0x00000057a7700000,0x00000057a7800000)]
  0x0000017922129800 JavaThread "Cache worker for execution history cache (F:\integration\spring-boot-all\spring-boot\buildSrc\.gradle\6.8\executionHistory)" [_thread_blocked, id=70052, stack(0x00000057a7800000,0x00000057a7900000)]

Other Threads:
  0x000001791e968000 VMThread "VM Thread" [stack: 0x00000057a4b00000,0x00000057a4c00000] [id=66304]
  0x000001791f3eb800 WatcherThread [stack: 0x00000057a5500000,0x00000057a5600000] [id=40408]
  0x0000017903e13000 GCTaskThread "GC Thread#0" [stack: 0x00000057a4600000,0x00000057a4700000] [id=81764]
  0x000001791f79f800 GCTaskThread "GC Thread#1" [stack: 0x00000057a5600000,0x00000057a5700000] [id=66572]
  0x000001791f692000 GCTaskThread "GC Thread#2" [stack: 0x00000057a5700000,0x00000057a5800000] [id=99016]
  0x000001791f692800 GCTaskThread "GC Thread#3" [stack: 0x00000057a5800000,0x00000057a5900000] [id=53596]
  0x0000017903e23800 ConcurrentGCThread "G1 Main Marker" [stack: 0x00000057a4700000,0x00000057a4800000] [id=46188]
  0x0000017903e25000 ConcurrentGCThread "G1 Conc#0" [stack: 0x00000057a4800000,0x00000057a4900000] [id=51968]
  0x000001791e806800 ConcurrentGCThread "G1 Refine#0" [stack: 0x00000057a4900000,0x00000057a4a00000] [id=53092]
  0x000001791e807800 ConcurrentGCThread "G1 Young RemSet Sampling" [stack: 0x00000057a4a00000,0x00000057a4b00000] [id=32600]

Threads with active compile tasks:
C2 CompilerThread04220       4       org.objectweb.asm.Frame::execute (2318 bytes)
C1 CompilerThread04584       3       java.io.ObjectOutputStream$BlockDataOutputStream::writeUTF (11 bytes)

VM state:not at safepoint (normal execution)

VM Mutex/Monitor currently owned by a thread: None

Heap address: 0x00000000e0000000, size: 512 MB, Compressed Oops mode: 32-bit
Narrow klass base: 0x0000000000000000, Narrow klass shift: 3
Compressed class space size: 260046848 Address: 0x0000000100000000

Heap:
 garbage-first heap   total 262144K, used 47440K [0x00000000e0000000, 0x0000000100000000)
  region size 1024K, 32 young (32768K), 14 survivors (14336K)
 Metaspace       used 52966K, capacity 54255K, committed 54480K, reserved 301056K
  class space    used 6846K, capacity 7308K, committed 7424K, reserved 253952K
Heap Regions: E=young(eden), S=young(survivor), O=old, HS=humongous(starts), HC=humongous(continues), CS=collection set, F=free, A=archive, TAMS=top-at-mark-start (previous, next)
|   0|0x00000000e0000000, 0x00000000e0100000, 0x00000000e0100000|100%| O|  |TAMS 0x00000000e0100000, 0x00000000e0000000| Untracked 
|   1|0x00000000e0100000, 0x00000000e0200000, 0x00000000e0200000|100%| O|  |TAMS 0x00000000e0200000, 0x00000000e0100000| Untracked 
|   2|0x00000000e0200000, 0x00000000e0300000, 0x00000000e0300000|100%| O|  |TAMS 0x00000000e0300000, 0x00000000e0200000| Untracked 
|   3|0x00000000e0300000, 0x00000000e0400000, 0x00000000e0400000|100%|HS|  |TAMS 0x00000000e0400000, 0x00000000e0300000| Complete 
|   4|0x00000000e0400000, 0x00000000e0500000, 0x00000000e0500000|100%|HC|  |TAMS 0x00000000e0500000, 0x00000000e0400000| Complete 
|   5|0x00000000e0500000, 0x00000000e0600000, 0x00000000e0600000|100%|HC|  |TAMS 0x00000000e0600000, 0x00000000e0500000| Complete 
|   6|0x00000000e0600000, 0x00000000e0700000, 0x00000000e0700000|100%| O|  |TAMS 0x00000000e0700000, 0x00000000e0600000| Untracked 
|   7|0x00000000e0700000, 0x00000000e0800000, 0x00000000e0800000|100%| O|  |TAMS 0x00000000e0800000, 0x00000000e0700000| Untracked 
|   8|0x00000000e0800000, 0x00000000e0900000, 0x00000000e0900000|100%| O|  |TAMS 0x00000000e0900000, 0x00000000e0800000| Untracked 
|   9|0x00000000e0900000, 0x00000000e0a00000, 0x00000000e0a00000|100%| O|  |TAMS 0x00000000e0a00000, 0x00000000e0900000| Untracked 
|  10|0x00000000e0a00000, 0x00000000e0b00000, 0x00000000e0b00000|100%| O|  |TAMS 0x00000000e0b00000, 0x00000000e0a00000| Untracked 
|  11|0x00000000e0b00000, 0x00000000e0c00000, 0x00000000e0c00000|100%| O|  |TAMS 0x00000000e0c00000, 0x00000000e0b00000| Untracked 
|  12|0x00000000e0c00000, 0x00000000e0d00000, 0x00000000e0d00000|100%| O|  |TAMS 0x00000000e0d00000, 0x00000000e0c00000| Untracked 
|  13|0x00000000e0d00000, 0x00000000e0e00000, 0x00000000e0e00000|100%| O|  |TAMS 0x00000000e0d48400, 0x00000000e0d00000| Untracked 
|  14|0x00000000e0e00000, 0x00000000e0e00000, 0x00000000e0f00000|  0%| F|  |TAMS 0x00000000e0e00000, 0x00000000e0e00000| Untracked 
|  15|0x00000000e0f00000, 0x00000000e0f00000, 0x00000000e1000000|  0%| F|  |TAMS 0x00000000e0f00000, 0x00000000e0f00000| Untracked 
|  16|0x00000000e1000000, 0x00000000e1000000, 0x00000000e1100000|  0%| F|  |TAMS 0x00000000e1000000, 0x00000000e1000000| Untracked 
|  17|0x00000000e1100000, 0x00000000e1100000, 0x00000000e1200000|  0%| F|  |TAMS 0x00000000e1100000, 0x00000000e1100000| Untracked 
|  18|0x00000000e1200000, 0x00000000e1300000, 0x00000000e1300000|100%| O|  |TAMS 0x00000000e1200000, 0x00000000e1200000| Untracked 
|  19|0x00000000e1300000, 0x00000000e13f8e00, 0x00000000e1400000| 97%| O|  |TAMS 0x00000000e1300000, 0x00000000e1300000| Untracked 
|  20|0x00000000e1400000, 0x00000000e1400000, 0x00000000e1500000|  0%| F|  |TAMS 0x00000000e1400000, 0x00000000e1400000| Untracked 
|  21|0x00000000e1500000, 0x00000000e1500000, 0x00000000e1600000|  0%| F|  |TAMS 0x00000000e1500000, 0x00000000e1500000| Untracked 
|  22|0x00000000e1600000, 0x00000000e1600000, 0x00000000e1700000|  0%| F|  |TAMS 0x00000000e1600000, 0x00000000e1600000| Untracked 
|  23|0x00000000e1700000, 0x00000000e1700000, 0x00000000e1800000|  0%| F|  |TAMS 0x00000000e1700000, 0x00000000e1700000| Untracked 
|  24|0x00000000e1800000, 0x00000000e1800000, 0x00000000e1900000|  0%| F|  |TAMS 0x00000000e1800000, 0x00000000e1800000| Untracked 
|  25|0x00000000e1900000, 0x00000000e1900000, 0x00000000e1a00000|  0%| F|  |TAMS 0x00000000e1900000, 0x00000000e1900000| Untracked 
|  26|0x00000000e1a00000, 0x00000000e1a00000, 0x00000000e1b00000|  0%| F|  |TAMS 0x00000000e1a00000, 0x00000000e1a00000| Untracked 
|  27|0x00000000e1b00000, 0x00000000e1b00000, 0x00000000e1c00000|  0%| F|  |TAMS 0x00000000e1b00000, 0x00000000e1b00000| Untracked 
|  28|0x00000000e1c00000, 0x00000000e1c00000, 0x00000000e1d00000|  0%| F|  |TAMS 0x00000000e1c00000, 0x00000000e1c00000| Untracked 
|  29|0x00000000e1d00000, 0x00000000e1d00000, 0x00000000e1e00000|  0%| F|  |TAMS 0x00000000e1d00000, 0x00000000e1d00000| Untracked 
|  30|0x00000000e1e00000, 0x00000000e1e00000, 0x00000000e1f00000|  0%| F|  |TAMS 0x00000000e1e00000, 0x00000000e1e00000| Untracked 
|  31|0x00000000e1f00000, 0x00000000e1f00000, 0x00000000e2000000|  0%| F|  |TAMS 0x00000000e1f00000, 0x00000000e1f00000| Untracked 
|  32|0x00000000e2000000, 0x00000000e2000000, 0x00000000e2100000|  0%| F|  |TAMS 0x00000000e2000000, 0x00000000e2000000| Untracked 
|  33|0x00000000e2100000, 0x00000000e2100000, 0x00000000e2200000|  0%| F|  |TAMS 0x00000000e2100000, 0x00000000e2100000| Untracked 
|  34|0x00000000e2200000, 0x00000000e2200000, 0x00000000e2300000|  0%| F|  |TAMS 0x00000000e2200000, 0x00000000e2200000| Untracked 
|  35|0x00000000e2300000, 0x00000000e2300000, 0x00000000e2400000|  0%| F|  |TAMS 0x00000000e2300000, 0x00000000e2300000| Untracked 
|  36|0x00000000e2400000, 0x00000000e2400000, 0x00000000e2500000|  0%| F|  |TAMS 0x00000000e2400000, 0x00000000e2400000| Untracked 
|  37|0x00000000e2500000, 0x00000000e2500000, 0x00000000e2600000|  0%| F|  |TAMS 0x00000000e2500000, 0x00000000e2500000| Untracked 
|  38|0x00000000e2600000, 0x00000000e2600000, 0x00000000e2700000|  0%| F|  |TAMS 0x00000000e2600000, 0x00000000e2600000| Untracked 
|  39|0x00000000e2700000, 0x00000000e2700000, 0x00000000e2800000|  0%| F|  |TAMS 0x00000000e2700000, 0x00000000e2700000| Untracked 
|  40|0x00000000e2800000, 0x00000000e2800000, 0x00000000e2900000|  0%| F|  |TAMS 0x00000000e2800000, 0x00000000e2800000| Untracked 
|  41|0x00000000e2900000, 0x00000000e2900000, 0x00000000e2a00000|  0%| F|  |TAMS 0x00000000e2900000, 0x00000000e2900000| Untracked 
|  42|0x00000000e2a00000, 0x00000000e2a00000, 0x00000000e2b00000|  0%| F|  |TAMS 0x00000000e2a00000, 0x00000000e2a00000| Untracked 
|  43|0x00000000e2b00000, 0x00000000e2b00000, 0x00000000e2c00000|  0%| F|  |TAMS 0x00000000e2b00000, 0x00000000e2b00000| Untracked 
|  44|0x00000000e2c00000, 0x00000000e2c00000, 0x00000000e2d00000|  0%| F|  |TAMS 0x00000000e2c00000, 0x00000000e2c00000| Untracked 
|  45|0x00000000e2d00000, 0x00000000e2d00000, 0x00000000e2e00000|  0%| F|  |TAMS 0x00000000e2d00000, 0x00000000e2d00000| Untracked 
|  46|0x00000000e2e00000, 0x00000000e2e00000, 0x00000000e2f00000|  0%| F|  |TAMS 0x00000000e2e00000, 0x00000000e2e00000| Untracked 
|  47|0x00000000e2f00000, 0x00000000e2f00000, 0x00000000e3000000|  0%| F|  |TAMS 0x00000000e2f00000, 0x00000000e2f00000| Untracked 
|  48|0x00000000e3000000, 0x00000000e3000000, 0x00000000e3100000|  0%| F|  |TAMS 0x00000000e3000000, 0x00000000e3000000| Untracked 
|  49|0x00000000e3100000, 0x00000000e3100000, 0x00000000e3200000|  0%| F|  |TAMS 0x00000000e3100000, 0x00000000e3100000| Untracked 
|  50|0x00000000e3200000, 0x00000000e3200000, 0x00000000e3300000|  0%| F|  |TAMS 0x00000000e3200000, 0x00000000e3200000| Untracked 
|  51|0x00000000e3300000, 0x00000000e3300000, 0x00000000e3400000|  0%| F|  |TAMS 0x00000000e3300000, 0x00000000e3300000| Untracked 
|  52|0x00000000e3400000, 0x00000000e3400000, 0x00000000e3500000|  0%| F|  |TAMS 0x00000000e3400000, 0x00000000e3400000| Untracked 
|  53|0x00000000e3500000, 0x00000000e3500000, 0x00000000e3600000|  0%| F|  |TAMS 0x00000000e3500000, 0x00000000e3500000| Untracked 
|  54|0x00000000e3600000, 0x00000000e3600000, 0x00000000e3700000|  0%| F|  |TAMS 0x00000000e3600000, 0x00000000e3600000| Untracked 
|  55|0x00000000e3700000, 0x00000000e3700000, 0x00000000e3800000|  0%| F|  |TAMS 0x00000000e3700000, 0x00000000e3700000| Untracked 
|  56|0x00000000e3800000, 0x00000000e3800000, 0x00000000e3900000|  0%| F|  |TAMS 0x00000000e3800000, 0x00000000e3800000| Untracked 
|  57|0x00000000e3900000, 0x00000000e3900000, 0x00000000e3a00000|  0%| F|  |TAMS 0x00000000e3900000, 0x00000000e3900000| Untracked 
|  58|0x00000000e3a00000, 0x00000000e3a00000, 0x00000000e3b00000|  0%| F|  |TAMS 0x00000000e3a00000, 0x00000000e3a00000| Untracked 
|  59|0x00000000e3b00000, 0x00000000e3b00000, 0x00000000e3c00000|  0%| F|  |TAMS 0x00000000e3b00000, 0x00000000e3b00000| Untracked 
|  60|0x00000000e3c00000, 0x00000000e3c00000, 0x00000000e3d00000|  0%| F|  |TAMS 0x00000000e3c00000, 0x00000000e3c00000| Untracked 
|  61|0x00000000e3d00000, 0x00000000e3d00000, 0x00000000e3e00000|  0%| F|  |TAMS 0x00000000e3d00000, 0x00000000e3d00000| Untracked 
|  62|0x00000000e3e00000, 0x00000000e3e00000, 0x00000000e3f00000|  0%| F|  |TAMS 0x00000000e3e00000, 0x00000000e3e00000| Untracked 
|  63|0x00000000e3f00000, 0x00000000e3f00000, 0x00000000e4000000|  0%| F|  |TAMS 0x00000000e3f00000, 0x00000000e3f00000| Untracked 
|  64|0x00000000e4000000, 0x00000000e4000000, 0x00000000e4100000|  0%| F|  |TAMS 0x00000000e4000000, 0x00000000e4000000| Untracked 
|  65|0x00000000e4100000, 0x00000000e4100000, 0x00000000e4200000|  0%| F|  |TAMS 0x00000000e4100000, 0x00000000e4100000| Untracked 
|  66|0x00000000e4200000, 0x00000000e4200000, 0x00000000e4300000|  0%| F|  |TAMS 0x00000000e4200000, 0x00000000e4200000| Untracked 
|  67|0x00000000e4300000, 0x00000000e4300000, 0x00000000e4400000|  0%| F|  |TAMS 0x00000000e4300000, 0x00000000e4300000| Untracked 
|  68|0x00000000e4400000, 0x00000000e4400000, 0x00000000e4500000|  0%| F|  |TAMS 0x00000000e4400000, 0x00000000e4400000| Untracked 
|  69|0x00000000e4500000, 0x00000000e4500000, 0x00000000e4600000|  0%| F|  |TAMS 0x00000000e4500000, 0x00000000e4500000| Untracked 
|  70|0x00000000e4600000, 0x00000000e4600000, 0x00000000e4700000|  0%| F|  |TAMS 0x00000000e4600000, 0x00000000e4600000| Untracked 
|  71|0x00000000e4700000, 0x00000000e4700000, 0x00000000e4800000|  0%| F|  |TAMS 0x00000000e4700000, 0x00000000e4700000| Untracked 
|  72|0x00000000e4800000, 0x00000000e4800000, 0x00000000e4900000|  0%| F|  |TAMS 0x00000000e4800000, 0x00000000e4800000| Untracked 
|  73|0x00000000e4900000, 0x00000000e4900000, 0x00000000e4a00000|  0%| F|  |TAMS 0x00000000e4900000, 0x00000000e4900000| Untracked 
|  74|0x00000000e4a00000, 0x00000000e4a00000, 0x00000000e4b00000|  0%| F|  |TAMS 0x00000000e4a00000, 0x00000000e4a00000| Untracked 
|  75|0x00000000e4b00000, 0x00000000e4b00000, 0x00000000e4c00000|  0%| F|  |TAMS 0x00000000e4b00000, 0x00000000e4b00000| Untracked 
|  76|0x00000000e4c00000, 0x00000000e4c00000, 0x00000000e4d00000|  0%| F|  |TAMS 0x00000000e4c00000, 0x00000000e4c00000| Untracked 
|  77|0x00000000e4d00000, 0x00000000e4d00000, 0x00000000e4e00000|  0%| F|  |TAMS 0x00000000e4d00000, 0x00000000e4d00000| Untracked 
|  78|0x00000000e4e00000, 0x00000000e4e00000, 0x00000000e4f00000|  0%| F|  |TAMS 0x00000000e4e00000, 0x00000000e4e00000| Untracked 
|  79|0x00000000e4f00000, 0x00000000e4f00000, 0x00000000e5000000|  0%| F|  |TAMS 0x00000000e4f00000, 0x00000000e4f00000| Untracked 
|  80|0x00000000e5000000, 0x00000000e5000000, 0x00000000e5100000|  0%| F|  |TAMS 0x00000000e5000000, 0x00000000e5000000| Untracked 
|  81|0x00000000e5100000, 0x00000000e5100000, 0x00000000e5200000|  0%| F|  |TAMS 0x00000000e5100000, 0x00000000e5100000| Untracked 
|  82|0x00000000e5200000, 0x00000000e5200000, 0x00000000e5300000|  0%| F|  |TAMS 0x00000000e5200000, 0x00000000e5200000| Untracked 
|  83|0x00000000e5300000, 0x00000000e5300000, 0x00000000e5400000|  0%| F|  |TAMS 0x00000000e5300000, 0x00000000e5300000| Untracked 
|  84|0x00000000e5400000, 0x00000000e5400000, 0x00000000e5500000|  0%| F|  |TAMS 0x00000000e5400000, 0x00000000e5400000| Untracked 
|  85|0x00000000e5500000, 0x00000000e5500000, 0x00000000e5600000|  0%| F|  |TAMS 0x00000000e5500000, 0x00000000e5500000| Untracked 
|  86|0x00000000e5600000, 0x00000000e5600000, 0x00000000e5700000|  0%| F|  |TAMS 0x00000000e5600000, 0x00000000e5600000| Untracked 
|  87|0x00000000e5700000, 0x00000000e5700000, 0x00000000e5800000|  0%| F|  |TAMS 0x00000000e5700000, 0x00000000e5700000| Untracked 
|  88|0x00000000e5800000, 0x00000000e5800000, 0x00000000e5900000|  0%| F|  |TAMS 0x00000000e5800000, 0x00000000e5800000| Untracked 
|  89|0x00000000e5900000, 0x00000000e5900000, 0x00000000e5a00000|  0%| F|  |TAMS 0x00000000e5900000, 0x00000000e5900000| Untracked 
|  90|0x00000000e5a00000, 0x00000000e5a00000, 0x00000000e5b00000|  0%| F|  |TAMS 0x00000000e5a00000, 0x00000000e5a00000| Untracked 
|  91|0x00000000e5b00000, 0x00000000e5b00000, 0x00000000e5c00000|  0%| F|  |TAMS 0x00000000e5b00000, 0x00000000e5b00000| Untracked 
|  92|0x00000000e5c00000, 0x00000000e5c00000, 0x00000000e5d00000|  0%| F|  |TAMS 0x00000000e5c00000, 0x00000000e5c00000| Untracked 
|  93|0x00000000e5d00000, 0x00000000e5d00000, 0x00000000e5e00000|  0%| F|  |TAMS 0x00000000e5d00000, 0x00000000e5d00000| Untracked 
|  94|0x00000000e5e00000, 0x00000000e5e00000, 0x00000000e5f00000|  0%| F|  |TAMS 0x00000000e5e00000, 0x00000000e5e00000| Untracked 
|  95|0x00000000e5f00000, 0x00000000e5f00000, 0x00000000e6000000|  0%| F|  |TAMS 0x00000000e5f00000, 0x00000000e5f00000| Untracked 
|  96|0x00000000e6000000, 0x00000000e6000000, 0x00000000e6100000|  0%| F|  |TAMS 0x00000000e6000000, 0x00000000e6000000| Untracked 
|  97|0x00000000e6100000, 0x00000000e6100000, 0x00000000e6200000|  0%| F|  |TAMS 0x00000000e6100000, 0x00000000e6100000| Untracked 
|  98|0x00000000e6200000, 0x00000000e6200000, 0x00000000e6300000|  0%| F|  |TAMS 0x00000000e6200000, 0x00000000e6200000| Untracked 
|  99|0x00000000e6300000, 0x00000000e6300000, 0x00000000e6400000|  0%| F|  |TAMS 0x00000000e6300000, 0x00000000e6300000| Untracked 
| 100|0x00000000e6400000, 0x00000000e6400000, 0x00000000e6500000|  0%| F|  |TAMS 0x00000000e6400000, 0x00000000e6400000| Untracked 
| 101|0x00000000e6500000, 0x00000000e6500000, 0x00000000e6600000|  0%| F|  |TAMS 0x00000000e6500000, 0x00000000e6500000| Untracked 
| 102|0x00000000e6600000, 0x00000000e6600000, 0x00000000e6700000|  0%| F|  |TAMS 0x00000000e6600000, 0x00000000e6600000| Untracked 
| 103|0x00000000e6700000, 0x00000000e6700000, 0x00000000e6800000|  0%| F|  |TAMS 0x00000000e6700000, 0x00000000e6700000| Untracked 
| 104|0x00000000e6800000, 0x00000000e6800000, 0x00000000e6900000|  0%| F|  |TAMS 0x00000000e6800000, 0x00000000e6800000| Untracked 
| 105|0x00000000e6900000, 0x00000000e6900000, 0x00000000e6a00000|  0%| F|  |TAMS 0x00000000e6900000, 0x00000000e6900000| Untracked 
| 106|0x00000000e6a00000, 0x00000000e6a00000, 0x00000000e6b00000|  0%| F|  |TAMS 0x00000000e6a00000, 0x00000000e6a00000| Untracked 
| 107|0x00000000e6b00000, 0x00000000e6b00000, 0x00000000e6c00000|  0%| F|  |TAMS 0x00000000e6b00000, 0x00000000e6b00000| Untracked 
| 108|0x00000000e6c00000, 0x00000000e6c00000, 0x00000000e6d00000|  0%| F|  |TAMS 0x00000000e6c00000, 0x00000000e6c00000| Untracked 
| 109|0x00000000e6d00000, 0x00000000e6d00000, 0x00000000e6e00000|  0%| F|  |TAMS 0x00000000e6d00000, 0x00000000e6d00000| Untracked 
| 110|0x00000000e6e00000, 0x00000000e6e00000, 0x00000000e6f00000|  0%| F|  |TAMS 0x00000000e6e00000, 0x00000000e6e00000| Untracked 
| 111|0x00000000e6f00000, 0x00000000e6f00000, 0x00000000e7000000|  0%| F|  |TAMS 0x00000000e6f00000, 0x00000000e6f00000| Untracked 
| 112|0x00000000e7000000, 0x00000000e7000000, 0x00000000e7100000|  0%| F|  |TAMS 0x00000000e7000000, 0x00000000e7000000| Untracked 
| 113|0x00000000e7100000, 0x00000000e7100000, 0x00000000e7200000|  0%| F|  |TAMS 0x00000000e7100000, 0x00000000e7100000| Untracked 
| 114|0x00000000e7200000, 0x00000000e7200000, 0x00000000e7300000|  0%| F|  |TAMS 0x00000000e7200000, 0x00000000e7200000| Untracked 
| 115|0x00000000e7300000, 0x00000000e735b5a8, 0x00000000e7400000| 35%| S|CS|TAMS 0x00000000e7300000, 0x00000000e7300000| Complete 
| 116|0x00000000e7400000, 0x00000000e7500000, 0x00000000e7500000|100%| S|CS|TAMS 0x00000000e7400000, 0x00000000e7400000| Complete 
| 117|0x00000000e7500000, 0x00000000e7600000, 0x00000000e7600000|100%| S|CS|TAMS 0x00000000e7500000, 0x00000000e7500000| Complete 
| 118|0x00000000e7600000, 0x00000000e7700000, 0x00000000e7700000|100%| S|CS|TAMS 0x00000000e7600000, 0x00000000e7600000| Complete 
| 119|0x00000000e7700000, 0x00000000e7800000, 0x00000000e7800000|100%| S|CS|TAMS 0x00000000e7700000, 0x00000000e7700000| Complete 
| 120|0x00000000e7800000, 0x00000000e7900000, 0x00000000e7900000|100%| S|CS|TAMS 0x00000000e7800000, 0x00000000e7800000| Complete 
| 121|0x00000000e7900000, 0x00000000e7a00000, 0x00000000e7a00000|100%| S|CS|TAMS 0x00000000e7900000, 0x00000000e7900000| Complete 
| 122|0x00000000e7a00000, 0x00000000e7b00000, 0x00000000e7b00000|100%| S|CS|TAMS 0x00000000e7a00000, 0x00000000e7a00000| Complete 
| 123|0x00000000e7b00000, 0x00000000e7c00000, 0x00000000e7c00000|100%| S|CS|TAMS 0x00000000e7b00000, 0x00000000e7b00000| Complete 
| 124|0x00000000e7c00000, 0x00000000e7d00000, 0x00000000e7d00000|100%| S|CS|TAMS 0x00000000e7c00000, 0x00000000e7c00000| Complete 
| 125|0x00000000e7d00000, 0x00000000e7e00000, 0x00000000e7e00000|100%| S|CS|TAMS 0x00000000e7d00000, 0x00000000e7d00000| Complete 
| 126|0x00000000e7e00000, 0x00000000e7f00000, 0x00000000e7f00000|100%| S|CS|TAMS 0x00000000e7e00000, 0x00000000e7e00000| Complete 
| 127|0x00000000e7f00000, 0x00000000e8000000, 0x00000000e8000000|100%| S|CS|TAMS 0x00000000e7f00000, 0x00000000e7f00000| Complete 
| 128|0x00000000e8000000, 0x00000000e8100000, 0x00000000e8100000|100%| S|CS|TAMS 0x00000000e8000000, 0x00000000e8000000| Complete 
| 129|0x00000000e8100000, 0x00000000e8100000, 0x00000000e8200000|  0%| F|  |TAMS 0x00000000e8100000, 0x00000000e8100000| Untracked 
| 130|0x00000000e8200000, 0x00000000e8200000, 0x00000000e8300000|  0%| F|  |TAMS 0x00000000e8200000, 0x00000000e8200000| Untracked 
| 131|0x00000000e8300000, 0x00000000e8300000, 0x00000000e8400000|  0%| F|  |TAMS 0x00000000e8300000, 0x00000000e8300000| Untracked 
| 132|0x00000000e8400000, 0x00000000e8400000, 0x00000000e8500000|  0%| F|  |TAMS 0x00000000e8400000, 0x00000000e8400000| Untracked 
| 133|0x00000000e8500000, 0x00000000e8500000, 0x00000000e8600000|  0%| F|  |TAMS 0x00000000e8500000, 0x00000000e8500000| Untracked 
| 134|0x00000000e8600000, 0x00000000e8600000, 0x00000000e8700000|  0%| F|  |TAMS 0x00000000e8600000, 0x00000000e8600000| Untracked 
| 135|0x00000000e8700000, 0x00000000e8700000, 0x00000000e8800000|  0%| F|  |TAMS 0x00000000e8700000, 0x00000000e8700000| Untracked 
| 136|0x00000000e8800000, 0x00000000e8800000, 0x00000000e8900000|  0%| F|  |TAMS 0x00000000e8800000, 0x00000000e8800000| Untracked 
| 137|0x00000000e8900000, 0x00000000e8900000, 0x00000000e8a00000|  0%| F|  |TAMS 0x00000000e8900000, 0x00000000e8900000| Untracked 
| 138|0x00000000e8a00000, 0x00000000e8a00000, 0x00000000e8b00000|  0%| F|  |TAMS 0x00000000e8a00000, 0x00000000e8a00000| Untracked 
| 139|0x00000000e8b00000, 0x00000000e8b00000, 0x00000000e8c00000|  0%| F|  |TAMS 0x00000000e8b00000, 0x00000000e8b00000| Untracked 
| 140|0x00000000e8c00000, 0x00000000e8c00000, 0x00000000e8d00000|  0%| F|  |TAMS 0x00000000e8c00000, 0x00000000e8c00000| Untracked 
| 141|0x00000000e8d00000, 0x00000000e8d00000, 0x00000000e8e00000|  0%| F|  |TAMS 0x00000000e8d00000, 0x00000000e8d00000| Untracked 
| 142|0x00000000e8e00000, 0x00000000e8e00000, 0x00000000e8f00000|  0%| F|  |TAMS 0x00000000e8e00000, 0x00000000e8e00000| Untracked 
| 143|0x00000000e8f00000, 0x00000000e8f00000, 0x00000000e9000000|  0%| F|  |TAMS 0x00000000e8f00000, 0x00000000e8f00000| Untracked 
| 144|0x00000000e9000000, 0x00000000e9000000, 0x00000000e9100000|  0%| F|  |TAMS 0x00000000e9000000, 0x00000000e9000000| Untracked 
| 145|0x00000000e9100000, 0x00000000e9100000, 0x00000000e9200000|  0%| F|  |TAMS 0x00000000e9100000, 0x00000000e9100000| Untracked 
| 146|0x00000000e9200000, 0x00000000e9200000, 0x00000000e9300000|  0%| F|  |TAMS 0x00000000e9200000, 0x00000000e9200000| Untracked 
| 147|0x00000000e9300000, 0x00000000e9300000, 0x00000000e9400000|  0%| F|  |TAMS 0x00000000e9300000, 0x00000000e9300000| Untracked 
| 148|0x00000000e9400000, 0x00000000e9400000, 0x00000000e9500000|  0%| F|  |TAMS 0x00000000e9400000, 0x00000000e9400000| Untracked 
| 149|0x00000000e9500000, 0x00000000e9500000, 0x00000000e9600000|  0%| F|  |TAMS 0x00000000e9500000, 0x00000000e9500000| Untracked 
| 150|0x00000000e9600000, 0x00000000e9600000, 0x00000000e9700000|  0%| F|  |TAMS 0x00000000e9600000, 0x00000000e9600000| Untracked 
| 151|0x00000000e9700000, 0x00000000e9700000, 0x00000000e9800000|  0%| F|  |TAMS 0x00000000e9700000, 0x00000000e9700000| Untracked 
| 152|0x00000000e9800000, 0x00000000e9800000, 0x00000000e9900000|  0%| F|  |TAMS 0x00000000e9800000, 0x00000000e9800000| Untracked 
| 153|0x00000000e9900000, 0x00000000e9900000, 0x00000000e9a00000|  0%| F|  |TAMS 0x00000000e9900000, 0x00000000e9900000| Untracked 
| 154|0x00000000e9a00000, 0x00000000e9a00000, 0x00000000e9b00000|  0%| F|  |TAMS 0x00000000e9a00000, 0x00000000e9a00000| Untracked 
| 155|0x00000000e9b00000, 0x00000000e9b00000, 0x00000000e9c00000|  0%| F|  |TAMS 0x00000000e9b00000, 0x00000000e9b00000| Untracked 
| 156|0x00000000e9c00000, 0x00000000e9c00000, 0x00000000e9d00000|  0%| F|  |TAMS 0x00000000e9c00000, 0x00000000e9c00000| Untracked 
| 157|0x00000000e9d00000, 0x00000000e9d00000, 0x00000000e9e00000|  0%| F|  |TAMS 0x00000000e9d00000, 0x00000000e9d00000| Untracked 
| 158|0x00000000e9e00000, 0x00000000e9e00000, 0x00000000e9f00000|  0%| F|  |TAMS 0x00000000e9e00000, 0x00000000e9e00000| Untracked 
| 159|0x00000000e9f00000, 0x00000000e9f00000, 0x00000000ea000000|  0%| F|  |TAMS 0x00000000e9f00000, 0x00000000e9f00000| Untracked 
| 160|0x00000000ea000000, 0x00000000ea000000, 0x00000000ea100000|  0%| F|  |TAMS 0x00000000ea000000, 0x00000000ea000000| Untracked 
| 161|0x00000000ea100000, 0x00000000ea100000, 0x00000000ea200000|  0%| F|  |TAMS 0x00000000ea100000, 0x00000000ea100000| Untracked 
| 162|0x00000000ea200000, 0x00000000ea200000, 0x00000000ea300000|  0%| F|  |TAMS 0x00000000ea200000, 0x00000000ea200000| Untracked 
| 163|0x00000000ea300000, 0x00000000ea300000, 0x00000000ea400000|  0%| F|  |TAMS 0x00000000ea300000, 0x00000000ea300000| Untracked 
| 164|0x00000000ea400000, 0x00000000ea400000, 0x00000000ea500000|  0%| F|  |TAMS 0x00000000ea400000, 0x00000000ea400000| Untracked 
| 165|0x00000000ea500000, 0x00000000ea500000, 0x00000000ea600000|  0%| F|  |TAMS 0x00000000ea500000, 0x00000000ea500000| Untracked 
| 166|0x00000000ea600000, 0x00000000ea600000, 0x00000000ea700000|  0%| F|  |TAMS 0x00000000ea600000, 0x00000000ea600000| Untracked 
| 167|0x00000000ea700000, 0x00000000ea700000, 0x00000000ea800000|  0%| F|  |TAMS 0x00000000ea700000, 0x00000000ea700000| Untracked 
| 168|0x00000000ea800000, 0x00000000ea800000, 0x00000000ea900000|  0%| F|  |TAMS 0x00000000ea800000, 0x00000000ea800000| Untracked 
| 169|0x00000000ea900000, 0x00000000ea900000, 0x00000000eaa00000|  0%| F|  |TAMS 0x00000000ea900000, 0x00000000ea900000| Untracked 
| 170|0x00000000eaa00000, 0x00000000eaa00000, 0x00000000eab00000|  0%| F|  |TAMS 0x00000000eaa00000, 0x00000000eaa00000| Untracked 
| 171|0x00000000eab00000, 0x00000000eab00000, 0x00000000eac00000|  0%| F|  |TAMS 0x00000000eab00000, 0x00000000eab00000| Untracked 
| 172|0x00000000eac00000, 0x00000000eac00000, 0x00000000ead00000|  0%| F|  |TAMS 0x00000000eac00000, 0x00000000eac00000| Untracked 
| 173|0x00000000ead00000, 0x00000000ead00000, 0x00000000eae00000|  0%| F|  |TAMS 0x00000000ead00000, 0x00000000ead00000| Untracked 
| 174|0x00000000eae00000, 0x00000000eae00000, 0x00000000eaf00000|  0%| F|  |TAMS 0x00000000eae00000, 0x00000000eae00000| Untracked 
| 175|0x00000000eaf00000, 0x00000000eaf00000, 0x00000000eb000000|  0%| F|  |TAMS 0x00000000eaf00000, 0x00000000eaf00000| Untracked 
| 176|0x00000000eb000000, 0x00000000eb000000, 0x00000000eb100000|  0%| F|  |TAMS 0x00000000eb000000, 0x00000000eb000000| Untracked 
| 177|0x00000000eb100000, 0x00000000eb100000, 0x00000000eb200000|  0%| F|  |TAMS 0x00000000eb100000, 0x00000000eb100000| Untracked 
| 178|0x00000000eb200000, 0x00000000eb200000, 0x00000000eb300000|  0%| F|  |TAMS 0x00000000eb200000, 0x00000000eb200000| Untracked 
| 179|0x00000000eb300000, 0x00000000eb300000, 0x00000000eb400000|  0%| F|  |TAMS 0x00000000eb300000, 0x00000000eb300000| Untracked 
| 180|0x00000000eb400000, 0x00000000eb400000, 0x00000000eb500000|  0%| F|  |TAMS 0x00000000eb400000, 0x00000000eb400000| Untracked 
| 181|0x00000000eb500000, 0x00000000eb500000, 0x00000000eb600000|  0%| F|  |TAMS 0x00000000eb500000, 0x00000000eb500000| Untracked 
| 182|0x00000000eb600000, 0x00000000eb600000, 0x00000000eb700000|  0%| F|  |TAMS 0x00000000eb600000, 0x00000000eb600000| Untracked 
| 183|0x00000000eb700000, 0x00000000eb700000, 0x00000000eb800000|  0%| F|  |TAMS 0x00000000eb700000, 0x00000000eb700000| Untracked 
| 184|0x00000000eb800000, 0x00000000eb800000, 0x00000000eb900000|  0%| F|  |TAMS 0x00000000eb800000, 0x00000000eb800000| Untracked 
| 185|0x00000000eb900000, 0x00000000eb900000, 0x00000000eba00000|  0%| F|  |TAMS 0x00000000eb900000, 0x00000000eb900000| Untracked 
| 186|0x00000000eba00000, 0x00000000eba00000, 0x00000000ebb00000|  0%| F|  |TAMS 0x00000000eba00000, 0x00000000eba00000| Untracked 
| 187|0x00000000ebb00000, 0x00000000ebb00000, 0x00000000ebc00000|  0%| F|  |TAMS 0x00000000ebb00000, 0x00000000ebb00000| Untracked 
| 188|0x00000000ebc00000, 0x00000000ebc00000, 0x00000000ebd00000|  0%| F|  |TAMS 0x00000000ebc00000, 0x00000000ebc00000| Untracked 
| 189|0x00000000ebd00000, 0x00000000ebd00000, 0x00000000ebe00000|  0%| F|  |TAMS 0x00000000ebd00000, 0x00000000ebd00000| Untracked 
| 190|0x00000000ebe00000, 0x00000000ebe00000, 0x00000000ebf00000|  0%| F|  |TAMS 0x00000000ebe00000, 0x00000000ebe00000| Untracked 
| 191|0x00000000ebf00000, 0x00000000ebf00000, 0x00000000ec000000|  0%| F|  |TAMS 0x00000000ebf00000, 0x00000000ebf00000| Untracked 
| 192|0x00000000ec000000, 0x00000000ec000000, 0x00000000ec100000|  0%| F|  |TAMS 0x00000000ec000000, 0x00000000ec000000| Untracked 
| 193|0x00000000ec100000, 0x00000000ec100000, 0x00000000ec200000|  0%| F|  |TAMS 0x00000000ec100000, 0x00000000ec100000| Untracked 
| 194|0x00000000ec200000, 0x00000000ec200000, 0x00000000ec300000|  0%| F|  |TAMS 0x00000000ec200000, 0x00000000ec200000| Untracked 
| 195|0x00000000ec300000, 0x00000000ec300000, 0x00000000ec400000|  0%| F|  |TAMS 0x00000000ec300000, 0x00000000ec300000| Untracked 
| 196|0x00000000ec400000, 0x00000000ec400000, 0x00000000ec500000|  0%| F|  |TAMS 0x00000000ec400000, 0x00000000ec400000| Untracked 
| 197|0x00000000ec500000, 0x00000000ec500000, 0x00000000ec600000|  0%| F|  |TAMS 0x00000000ec500000, 0x00000000ec500000| Untracked 
| 198|0x00000000ec600000, 0x00000000ec600000, 0x00000000ec700000|  0%| F|  |TAMS 0x00000000ec600000, 0x00000000ec600000| Untracked 
| 199|0x00000000ec700000, 0x00000000ec700000, 0x00000000ec800000|  0%| F|  |TAMS 0x00000000ec700000, 0x00000000ec700000| Untracked 
| 200|0x00000000ec800000, 0x00000000ec800000, 0x00000000ec900000|  0%| F|  |TAMS 0x00000000ec800000, 0x00000000ec800000| Untracked 
| 201|0x00000000ec900000, 0x00000000ec900000, 0x00000000eca00000|  0%| F|  |TAMS 0x00000000ec900000, 0x00000000ec900000| Untracked 
| 202|0x00000000eca00000, 0x00000000eca00000, 0x00000000ecb00000|  0%| F|  |TAMS 0x00000000eca00000, 0x00000000eca00000| Untracked 
| 203|0x00000000ecb00000, 0x00000000ecb00000, 0x00000000ecc00000|  0%| F|  |TAMS 0x00000000ecb00000, 0x00000000ecb00000| Untracked 
| 204|0x00000000ecc00000, 0x00000000ecc00000, 0x00000000ecd00000|  0%| F|  |TAMS 0x00000000ecc00000, 0x00000000ecc00000| Untracked 
| 205|0x00000000ecd00000, 0x00000000ecd00000, 0x00000000ece00000|  0%| F|  |TAMS 0x00000000ecd00000, 0x00000000ecd00000| Untracked 
| 206|0x00000000ece00000, 0x00000000ece00000, 0x00000000ecf00000|  0%| F|  |TAMS 0x00000000ece00000, 0x00000000ece00000| Untracked 
| 207|0x00000000ecf00000, 0x00000000ecf00000, 0x00000000ed000000|  0%| F|  |TAMS 0x00000000ecf00000, 0x00000000ecf00000| Untracked 
| 208|0x00000000ed000000, 0x00000000ed000000, 0x00000000ed100000|  0%| F|  |TAMS 0x00000000ed000000, 0x00000000ed000000| Untracked 
| 209|0x00000000ed100000, 0x00000000ed100000, 0x00000000ed200000|  0%| F|  |TAMS 0x00000000ed100000, 0x00000000ed100000| Untracked 
| 210|0x00000000ed200000, 0x00000000ed200000, 0x00000000ed300000|  0%| F|  |TAMS 0x00000000ed200000, 0x00000000ed200000| Untracked 
| 211|0x00000000ed300000, 0x00000000ed300000, 0x00000000ed400000|  0%| F|  |TAMS 0x00000000ed300000, 0x00000000ed300000| Untracked 
| 212|0x00000000ed400000, 0x00000000ed400000, 0x00000000ed500000|  0%| F|  |TAMS 0x00000000ed400000, 0x00000000ed400000| Untracked 
| 213|0x00000000ed500000, 0x00000000ed500000, 0x00000000ed600000|  0%| F|  |TAMS 0x00000000ed500000, 0x00000000ed500000| Untracked 
| 214|0x00000000ed600000, 0x00000000ed600000, 0x00000000ed700000|  0%| F|  |TAMS 0x00000000ed600000, 0x00000000ed600000| Untracked 
| 215|0x00000000ed700000, 0x00000000ed700000, 0x00000000ed800000|  0%| F|  |TAMS 0x00000000ed700000, 0x00000000ed700000| Untracked 
| 216|0x00000000ed800000, 0x00000000ed800000, 0x00000000ed900000|  0%| F|  |TAMS 0x00000000ed800000, 0x00000000ed800000| Untracked 
| 217|0x00000000ed900000, 0x00000000ed900000, 0x00000000eda00000|  0%| F|  |TAMS 0x00000000ed900000, 0x00000000ed900000| Untracked 
| 218|0x00000000eda00000, 0x00000000eda00000, 0x00000000edb00000|  0%| F|  |TAMS 0x00000000eda00000, 0x00000000eda00000| Untracked 
| 219|0x00000000edb00000, 0x00000000edb00000, 0x00000000edc00000|  0%| F|  |TAMS 0x00000000edb00000, 0x00000000edb00000| Untracked 
| 220|0x00000000edc00000, 0x00000000edc00000, 0x00000000edd00000|  0%| F|  |TAMS 0x00000000edc00000, 0x00000000edc00000| Untracked 
| 221|0x00000000edd00000, 0x00000000edd00000, 0x00000000ede00000|  0%| F|  |TAMS 0x00000000edd00000, 0x00000000edd00000| Untracked 
| 222|0x00000000ede00000, 0x00000000ede00000, 0x00000000edf00000|  0%| F|  |TAMS 0x00000000ede00000, 0x00000000ede00000| Untracked 
| 223|0x00000000edf00000, 0x00000000edf00000, 0x00000000ee000000|  0%| F|  |TAMS 0x00000000edf00000, 0x00000000edf00000| Untracked 
| 224|0x00000000ee000000, 0x00000000ee000000, 0x00000000ee100000|  0%| F|  |TAMS 0x00000000ee000000, 0x00000000ee000000| Untracked 
| 225|0x00000000ee100000, 0x00000000ee100000, 0x00000000ee200000|  0%| F|  |TAMS 0x00000000ee100000, 0x00000000ee100000| Untracked 
| 226|0x00000000ee200000, 0x00000000ee200000, 0x00000000ee300000|  0%| F|  |TAMS 0x00000000ee200000, 0x00000000ee200000| Untracked 
| 227|0x00000000ee300000, 0x00000000ee300000, 0x00000000ee400000|  0%| F|  |TAMS 0x00000000ee300000, 0x00000000ee300000| Untracked 
| 228|0x00000000ee400000, 0x00000000ee400000, 0x00000000ee500000|  0%| F|  |TAMS 0x00000000ee400000, 0x00000000ee400000| Untracked 
| 229|0x00000000ee500000, 0x00000000ee500000, 0x00000000ee600000|  0%| F|  |TAMS 0x00000000ee500000, 0x00000000ee500000| Untracked 
| 230|0x00000000ee600000, 0x00000000ee600000, 0x00000000ee700000|  0%| F|  |TAMS 0x00000000ee600000, 0x00000000ee600000| Untracked 
| 231|0x00000000ee700000, 0x00000000ee700000, 0x00000000ee800000|  0%| F|  |TAMS 0x00000000ee700000, 0x00000000ee700000| Untracked 
| 232|0x00000000ee800000, 0x00000000ee800000, 0x00000000ee900000|  0%| F|  |TAMS 0x00000000ee800000, 0x00000000ee800000| Untracked 
| 233|0x00000000ee900000, 0x00000000ee900000, 0x00000000eea00000|  0%| F|  |TAMS 0x00000000ee900000, 0x00000000ee900000| Untracked 
| 234|0x00000000eea00000, 0x00000000eea00000, 0x00000000eeb00000|  0%| F|  |TAMS 0x00000000eea00000, 0x00000000eea00000| Untracked 
| 235|0x00000000eeb00000, 0x00000000eeb00000, 0x00000000eec00000|  0%| F|  |TAMS 0x00000000eeb00000, 0x00000000eeb00000| Untracked 
| 236|0x00000000eec00000, 0x00000000eec00000, 0x00000000eed00000|  0%| F|  |TAMS 0x00000000eec00000, 0x00000000eec00000| Untracked 
| 237|0x00000000eed00000, 0x00000000eed00000, 0x00000000eee00000|  0%| F|  |TAMS 0x00000000eed00000, 0x00000000eed00000| Untracked 
| 238|0x00000000eee00000, 0x00000000eeecc2b8, 0x00000000eef00000| 79%| E|  |TAMS 0x00000000eee00000, 0x00000000eee00000| Complete 
| 239|0x00000000eef00000, 0x00000000ef000000, 0x00000000ef000000|100%| E|CS|TAMS 0x00000000eef00000, 0x00000000eef00000| Complete 
| 240|0x00000000ef000000, 0x00000000ef100000, 0x00000000ef100000|100%| E|CS|TAMS 0x00000000ef000000, 0x00000000ef000000| Complete 
| 241|0x00000000ef100000, 0x00000000ef200000, 0x00000000ef200000|100%| E|CS|TAMS 0x00000000ef100000, 0x00000000ef100000| Complete 
| 242|0x00000000ef200000, 0x00000000ef300000, 0x00000000ef300000|100%| E|CS|TAMS 0x00000000ef200000, 0x00000000ef200000| Complete 
| 243|0x00000000ef300000, 0x00000000ef400000, 0x00000000ef400000|100%| E|CS|TAMS 0x00000000ef300000, 0x00000000ef300000| Complete 
| 244|0x00000000ef400000, 0x00000000ef500000, 0x00000000ef500000|100%| E|CS|TAMS 0x00000000ef400000, 0x00000000ef400000| Complete 
| 245|0x00000000ef500000, 0x00000000ef600000, 0x00000000ef600000|100%| E|CS|TAMS 0x00000000ef500000, 0x00000000ef500000| Complete 
| 246|0x00000000ef600000, 0x00000000ef700000, 0x00000000ef700000|100%| E|CS|TAMS 0x00000000ef600000, 0x00000000ef600000| Complete 
| 247|0x00000000ef700000, 0x00000000ef800000, 0x00000000ef800000|100%| E|CS|TAMS 0x00000000ef700000, 0x00000000ef700000| Complete 
| 248|0x00000000ef800000, 0x00000000ef900000, 0x00000000ef900000|100%| E|CS|TAMS 0x00000000ef800000, 0x00000000ef800000| Complete 
| 249|0x00000000ef900000, 0x00000000efa00000, 0x00000000efa00000|100%| E|CS|TAMS 0x00000000ef900000, 0x00000000ef900000| Complete 
| 250|0x00000000efa00000, 0x00000000efb00000, 0x00000000efb00000|100%| E|CS|TAMS 0x00000000efa00000, 0x00000000efa00000| Complete 
| 251|0x00000000efb00000, 0x00000000efc00000, 0x00000000efc00000|100%| E|CS|TAMS 0x00000000efb00000, 0x00000000efb00000| Complete 
| 252|0x00000000efc00000, 0x00000000efd00000, 0x00000000efd00000|100%| E|CS|TAMS 0x00000000efc00000, 0x00000000efc00000| Complete 
| 253|0x00000000efd00000, 0x00000000efe00000, 0x00000000efe00000|100%| E|CS|TAMS 0x00000000efd00000, 0x00000000efd00000| Complete 
| 254|0x00000000efe00000, 0x00000000eff00000, 0x00000000eff00000|100%| E|CS|TAMS 0x00000000efe00000, 0x00000000efe00000| Complete 
| 255|0x00000000eff00000, 0x00000000f0000000, 0x00000000f0000000|100%| E|CS|TAMS 0x00000000eff00000, 0x00000000eff00000| Complete 

Card table byte_map: [0x000001791b190000,0x000001791b290000] _byte_map_base: 0x000001791aa90000

Marking Bits (Prev, Next): (CMBitMap*) 0x0000017903e1fa48, (CMBitMap*) 0x0000017903e1fa80
 Prev Bits: [0x000001791b390000, 0x000001791bb90000)
 Next Bits: [0x000001791bb90000, 0x000001791c390000)

Polling page: 0x0000017901de0000

Metaspace:

Usage:
  Non-class:     45.85 MB capacity,    45.04 MB ( 98%) used,   685.66 KB (  1%) free+waste,   136.50 KB ( <1%) overhead. 
      Class:      7.14 MB capacity,     6.69 MB ( 94%) used,   395.28 KB (  5%) free+waste,    66.25 KB ( <1%) overhead. 
       Both:     52.98 MB capacity,    51.73 MB ( 98%) used,     1.06 MB (  2%) free+waste,   202.75 KB ( <1%) overhead. 

Virtual space:
  Non-class space:       46.00 MB reserved,      45.95 MB (>99%) committed 
      Class space:      248.00 MB reserved,       7.25 MB (  3%) committed 
             Both:      294.00 MB reserved,      53.20 MB ( 18%) committed 

Chunk freelists:
   Non-Class:  5.63 KB
       Class:  0 bytes
        Both:  5.63 KB

CodeHeap 'non-profiled nmethods': size=120064Kb used=2502Kb max_used=2502Kb free=117562Kb
 bounds [0x0000017913c50000, 0x0000017913ed0000, 0x000001791b190000]
CodeHeap 'profiled nmethods': size=120000Kb used=9722Kb max_used=9722Kb free=110278Kb
 bounds [0x000001790c720000, 0x000001790d0b0000, 0x0000017913c50000]
CodeHeap 'non-nmethods': size=5696Kb used=2232Kb max_used=2260Kb free=3463Kb
 bounds [0x000001790c190000, 0x000001790c400000, 0x000001790c720000]
 total_blobs=6477 nmethods=4357 adapters=719
 compilation: enabled
              stopped_count=0, restarted_count=0
 full_count=0

Compilation events (10 events):
Event: 23.880 Thread 0x000001791f222800 4257       3       com.google.common.collect.RegularImmutableMap$KeysOrValuesAsList::get (23 bytes)
Event: 23.880 Thread 0x000001791f222800 nmethod 4257 0x000001790d005290 code [0x000001790d005480, 0x000001790d005880]
Event: 23.880 Thread 0x000001791f222800 4258       3       com.google.common.collect.CompactHashMap$Itr::<init> (37 bytes)
Event: 23.881 Thread 0x000001791f222800 nmethod 4258 0x000001790d005a90 code [0x000001790d005c60, 0x000001790d005f50]
Event: 23.881 Thread 0x000001791f222800 4259       3       com.google.common.collect.CompactHashMap::firstEntryIndex (13 bytes)
Event: 23.881 Thread 0x000001791f222800 nmethod 4259 0x000001790d006090 code [0x000001790d006260, 0x000001790d006558]
Event: 23.881 Thread 0x000001791f222800 4260       3       com.google.common.collect.AbstractMapBasedMultimap::createKeySet (13 bytes)
Event: 23.881 Thread 0x000001791f222800 nmethod 4260 0x000001790d006610 code [0x000001790d006820, 0x000001790d006f30]
Event: 23.881 Thread 0x000001791f222800 4261       3       com.google.common.collect.AbstractMapBasedMultimap$KeySet::<init> (11 bytes)
Event: 23.881 Thread 0x000001791f222800 nmethod 4261 0x000001790d007190 code [0x000001790d0073a0, 0x000001790d0079f0]

GC Heap History (10 events):
Event: 6.579 GC heap before
{Heap before GC invocations=2 (full 0):
 garbage-first heap   total 262144K, used 36962K [0x00000000e0000000, 0x0000000100000000)
  region size 1024K, 29 young (29696K), 1 survivors (1024K)
 Metaspace       used 11069K, capacity 11333K, committed 11520K, reserved 264192K
  class space    used 1141K, capacity 1200K, committed 1280K, reserved 253952K
}
Event: 6.583 GC heap after
{Heap after GC invocations=3 (full 0):
 garbage-first heap   total 262144K, used 13434K [0x00000000e0000000, 0x0000000100000000)
  region size 1024K, 4 young (4096K), 4 survivors (4096K)
 Metaspace       used 11069K, capacity 11333K, committed 11520K, reserved 264192K
  class space    used 1141K, capacity 1200K, committed 1280K, reserved 253952K
}
Event: 9.521 GC heap before
{Heap before GC invocations=3 (full 0):
 garbage-first heap   total 262144K, used 54394K [0x00000000e0000000, 0x0000000100000000)
  region size 1024K, 44 young (45056K), 4 survivors (4096K)
 Metaspace       used 18435K, capacity 18895K, committed 19072K, reserved 272384K
  class space    used 2184K, capacity 2330K, committed 2432K, reserved 253952K
}
Event: 9.528 GC heap after
{Heap after GC invocations=4 (full 0):
 garbage-first heap   total 262144K, used 16673K [0x00000000e0000000, 0x0000000100000000)
  region size 1024K, 3 young (3072K), 3 survivors (3072K)
 Metaspace       used 18435K, capacity 18895K, committed 19072K, reserved 272384K
  class space    used 2184K, capacity 2330K, committed 2432K, reserved 253952K
}
Event: 10.035 GC heap before
{Heap before GC invocations=4 (full 0):
 garbage-first heap   total 262144K, used 32033K [0x00000000e0000000, 0x0000000100000000)
  region size 1024K, 19 young (19456K), 3 survivors (3072K)
 Metaspace       used 20610K, capacity 21230K, committed 21296K, reserved 274432K
  class space    used 2504K, capacity 2688K, committed 2688K, reserved 253952K
}
Event: 10.040 GC heap after
{Heap after GC invocations=5 (full 0):
 garbage-first heap   total 262144K, used 17272K [0x00000000e0000000, 0x0000000100000000)
  region size 1024K, 4 young (4096K), 4 survivors (4096K)
 Metaspace       used 20610K, capacity 21230K, committed 21296K, reserved 274432K
  class space    used 2504K, capacity 2688K, committed 2688K, reserved 253952K
}
Event: 13.515 GC heap before
{Heap before GC invocations=6 (full 0):
 garbage-first heap   total 262144K, used 71544K [0x00000000e0000000, 0x0000000100000000)
  region size 1024K, 57 young (58368K), 4 survivors (4096K)
 Metaspace       used 26583K, capacity 27258K, committed 27520K, reserved 278528K
  class space    used 3487K, capacity 3705K, committed 3712K, reserved 253952K
}
Event: 13.526 GC heap after
{Heap after GC invocations=7 (full 0):
 garbage-first heap   total 262144K, used 19162K [0x00000000e0000000, 0x0000000100000000)
  region size 1024K, 6 young (6144K), 6 survivors (6144K)
 Metaspace       used 26583K, capacity 27258K, committed 27520K, reserved 278528K
  class space    used 3487K, capacity 3705K, committed 3712K, reserved 253952K
}
Event: 17.604 GC heap before
{Heap before GC invocations=7 (full 0):
 garbage-first heap   total 262144K, used 71386K [0x00000000e0000000, 0x0000000100000000)
  region size 1024K, 59 young (60416K), 6 survivors (6144K)
 Metaspace       used 35170K, capacity 35922K, committed 36048K, reserved 286720K
  class space    used 4514K, capacity 4801K, committed 4864K, reserved 253952K
}
Event: 17.662 GC heap after
{Heap after GC invocations=8 (full 0):
 garbage-first heap   total 262144K, used 22245K [0x00000000e0000000, 0x0000000100000000)
  region size 1024K, 9 young (9216K), 9 survivors (9216K)
 Metaspace       used 35170K, capacity 35922K, committed 36048K, reserved 286720K
  class space    used 4514K, capacity 4801K, committed 4864K, reserved 253952K
}

Deoptimization events (10 events):
Event: 22.520 Thread 0x00000179204b8000 Uncommon trap: reason=bimorphic_or_optimized_type_check action=maybe_recompile pc=0x0000017913dd9fa4 method=java.util.regex.Pattern$Start.match(Ljava/util/regex/Matcher;ILjava/lang/CharSequence;)Z @ 44 c2
Event: 22.639 Thread 0x00000179204b8000 Uncommon trap: reason=bimorphic_or_optimized_type_check action=maybe_recompile pc=0x0000017913dce378 method=java.util.AbstractCollection.addAll(Ljava/util/Collection;)Z @ 29 c2
Event: 23.073 Thread 0x00000179204b8000 Uncommon trap: reason=unstable_if action=reinterpret pc=0x0000017913d72390 method=org.objectweb.asm.ByteVector.putShort(I)Lorg/objectweb/asm/ByteVector; @ 13 c2
Event: 23.379 Thread 0x00000179204b8000 Uncommon trap: reason=bimorphic_or_optimized_type_check action=maybe_recompile pc=0x0000017913dce378 method=java.util.AbstractCollection.addAll(Ljava/util/Collection;)Z @ 29 c2
Event: 23.452 Thread 0x00000179204b8000 Uncommon trap: reason=unstable_if action=reinterpret pc=0x0000017913e7434c method=java.util.HashMap.getNode(ILjava/lang/Object;)Ljava/util/HashMap$Node; @ 84 c2
Event: 23.452 Thread 0x00000179204b8000 Uncommon trap: reason=unstable_if action=reinterpret pc=0x0000017913e3d60c method=java.util.HashMap.putVal(ILjava/lang/Object;Ljava/lang/Object;ZZ)Ljava/lang/Object; @ 109 c2
Event: 23.452 Thread 0x00000179204b8000 Uncommon trap: reason=unstable_if action=reinterpret pc=0x0000017913e6ef54 method=java.util.HashMap.getNode(ILjava/lang/Object;)Ljava/util/HashMap$Node; @ 84 c2
Event: 23.452 Thread 0x00000179204b8000 Uncommon trap: reason=unstable_if action=reinterpret pc=0x0000017913d56c6c method=java.util.HashMap.getNode(ILjava/lang/Object;)Ljava/util/HashMap$Node; @ 84 c2
Event: 23.452 Thread 0x00000179204b8000 Uncommon trap: reason=unstable_if action=reinterpret pc=0x0000017913cb2da0 method=java.util.HashMap.resize()[Ljava/util/HashMap$Node; @ 203 c2
Event: 23.552 Thread 0x00000179204b8000 Uncommon trap: reason=unstable_if action=reinterpret pc=0x0000017913d756f8 method=java.util.ArrayDeque.addLast(Ljava/lang/Object;)V @ 42 c2

Classes redefined (0 events):
No events

Internal exceptions (10 events):
Event: 21.742 Thread 0x00000179204b8000 Exception <a 'java/lang/IncompatibleClassChangeError'{0x00000000eb5e6180}: Found class java.lang.Object, but interface was expected> (0x00000000eb5e6180) thrown at [t:/workspace/open/src/hotspot/share/interpreter/linkResolver.cpp, line 838]
Event: 21.899 Thread 0x00000179204b8000 Implicit null exception at 0x0000017913de2de2 to 0x0000017913de4fca
Event: 21.899 Thread 0x00000179204b8000 Implicit null exception at 0x0000017913e14c79 to 0x0000017913e14e62
Event: 22.527 Thread 0x00000179204b8000 Exception <a 'java/lang/NoSuchMethodError'{0x00000000ead6cdc0}: java.lang.invoke.DirectMethodHandle$Holder.invokeStatic(Ljava/lang/Object;ILjava/lang/Object;Ljava/lang/Object;Ljava/lang/Object;)Ljava/lang/Object;> (0x00000000ead6cdc0) thrown at [t:/worksp
Event: 22.527 Thread 0x00000179204b8000 Exception <a 'java/lang/NoSuchMethodError'{0x00000000ead71d88}: java.lang.invoke.DirectMethodHandle$Holder.invokeSpecial(Ljava/lang/Object;Ljava/lang/Object;ILjava/lang/Object;Ljava/lang/Object;Ljava/lang/Object;)Ljava/lang/Object;> (0x00000000ead71d88) t
Event: 22.529 Thread 0x00000179204b8000 Exception <a 'java/lang/NoSuchMethodError'{0x00000000ead862e0}: java.lang.invoke.DirectMethodHandle$Holder.invokeStatic(Ljava/lang/Object;Ljava/lang/Object;ILjava/lang/Object;)Ljava/lang/Object;> (0x00000000ead862e0) thrown at [t:/workspace/open/src/hotsp
Event: 22.530 Thread 0x00000179204b8000 Exception <a 'java/lang/NoSuchMethodError'{0x00000000ead8ae70}: java.lang.invoke.DirectMethodHandle$Holder.invokeSpecial(Ljava/lang/Object;Ljava/lang/Object;Ljava/lang/Object;ILjava/lang/Object;)Ljava/lang/Object;> (0x00000000ead8ae70) thrown at [t:/works
Event: 22.530 Thread 0x00000179204b8000 Exception <a 'java/lang/NoSuchMethodError'{0x00000000ead8f3a8}: java.lang.invoke.Invokers$Holder.linkToTargetMethod(Ljava/lang/Object;ILjava/lang/Object;Ljava/lang/Object;)Ljava/lang/Object;> (0x00000000ead8f3a8) thrown at [t:/workspace/open/src/hotspot/s
Event: 23.487 Thread 0x00000179204b8000 Exception <a 'java/lang/NoSuchMethodError'{0x00000000e9af1a38}: java.lang.invoke.Invokers$Holder.linkToTargetMethod(Ljava/lang/Object;ILjava/lang/Object;)Ljava/lang/Object;> (0x00000000e9af1a38) thrown at [t:/workspace/open/src/hotspot/share/interpreter/l
Event: 23.648 Thread 0x00000179204b8000 Exception <a 'java/lang/NoSuchMethodError'{0x00000000e97fbcf0}: java.lang.invoke.DirectMethodHandle$Holder.invokeInterface(Ljava/lang/Object;Ljava/lang/Object;Ljava/lang/Object;Ljava/lang/Object;)I> (0x00000000e97fbcf0) thrown at [t:/workspace/open/src/ho

Events (10 events):
Event: 23.876 loading class org/gradle/api/Task done
Event: 23.876 loading class org/gradle/api/internal/provider/TransformBackedProvider
Event: 23.876 loading class org/gradle/api/internal/provider/TransformBackedProvider done
Event: 23.876 loading class org/gradle/api/internal/tasks/CurrentJvmJavaToolChain
Event: 23.876 loading class org/gradle/api/internal/tasks/CurrentJvmJavaToolChain done
Event: 23.877 loading class org/gradle/api/internal/tasks/AbstractJavaToolChain
Event: 23.877 loading class org/gradle/api/internal/tasks/AbstractJavaToolChain done
Event: 23.878 loading class org/gradle/platform/base/internal/toolchain/ToolProvider
Event: 23.878 loading class org/gradle/platform/base/internal/toolchain/ToolProvider done
Event: 23.882 Thread 0x0000017925776800 Thread added: 0x0000017925776800


Dynamic libraries:
0x00007ff780140000 - 0x00007ff780187000 	E:\home\jdk-11.0.6_windows-x64_bin\jdk-11.0.6\bin\java.exe
0x00007ffcc04c0000 - 0x00007ffcc068f000 	C:\windows\SYSTEM32\ntdll.dll
0x00007ffcbe400000 - 0x00007ffcbe4ad000 	C:\windows\System32\KERNEL32.DLL
0x00007ffcbc990000 - 0x00007ffcbcbae000 	C:\windows\System32\KERNELBASE.dll
0x00007ffcbe0d0000 - 0x00007ffcbe176000 	C:\windows\System32\ADVAPI32.dll
0x00007ffcbddd0000 - 0x00007ffcbde6e000 	C:\windows\System32\msvcrt.dll
0x00007ffcbe4b0000 - 0x00007ffcbe50b000 	C:\windows\System32\sechost.dll
0x00007ffcbe2e0000 - 0x00007ffcbe3fd000 	C:\windows\System32\RPCRT4.dll
0x00007ffcbded0000 - 0x00007ffcbe036000 	C:\windows\System32\USER32.dll
0x00007ffcbd9f0000 - 0x00007ffcbda0e000 	C:\windows\System32\win32u.dll
0x00007ffcbeba0000 - 0x00007ffcbebd4000 	C:\windows\System32\GDI32.dll
0x00007ffcbd860000 - 0x00007ffcbd9e4000 	C:\windows\System32\gdi32full.dll
0x00007ffcb0ef0000 - 0x00007ffcb0efa000 	C:\windows\SYSTEM32\VERSION.dll
0x00007ffcbbee0000 - 0x00007ffcbc15a000 	C:\windows\WinSxS\amd64_microsoft.windows.common-controls_6595b64144ccf1df_6.0.14393.4169_none_7de0bbf28341b1f2\COMCTL32.dll
0x00007ffcc01f0000 - 0x00007ffcc04b6000 	C:\windows\System32\combase.dll
0x00007ffcbd4f0000 - 0x00007ffcbd5e4000 	C:\windows\System32\ucrtbase.dll
0x00007ffcbd5f0000 - 0x00007ffcbd65c000 	C:\windows\System32\bcryptPrimitives.dll
0x00007ffcc01c0000 - 0x00007ffcc01ee000 	C:\windows\System32\IMM32.DLL
0x00007ffcb2120000 - 0x00007ffcb2136000 	E:\home\jdk-11.0.6_windows-x64_bin\jdk-11.0.6\bin\vcruntime140.dll
0x00007ffc9f8f0000 - 0x00007ffc9f99a000 	E:\home\jdk-11.0.6_windows-x64_bin\jdk-11.0.6\bin\msvcp140.dll
0x00007ffc7f230000 - 0x00007ffc7fd59000 	E:\home\jdk-11.0.6_windows-x64_bin\jdk-11.0.6\bin\server\jvm.dll
0x00007ffcbe040000 - 0x00007ffcbe048000 	C:\windows\System32\PSAPI.DLL
0x00007ffcaf1f0000 - 0x00007ffcaf1f9000 	C:\windows\SYSTEM32\WSOCK32.dll
0x00007ffcc00f0000 - 0x00007ffcc015a000 	C:\windows\System32\WS2_32.dll
0x00007ffcba3e0000 - 0x00007ffcba403000 	C:\windows\SYSTEM32\WINMM.dll
0x00007ffcba3b0000 - 0x00007ffcba3db000 	C:\windows\SYSTEM32\WINMMBASE.dll
0x00007ffcbda10000 - 0x00007ffcbda52000 	C:\windows\System32\cfgmgr32.dll
0x00007ffcbc970000 - 0x00007ffcbc97f000 	C:\windows\System32\kernel.appcore.dll
0x00007ffcb20e0000 - 0x00007ffcb20f1000 	E:\home\jdk-11.0.6_windows-x64_bin\jdk-11.0.6\bin\verify.dll
0x00007ffcbc360000 - 0x00007ffcbc4f2000 	C:\windows\SYSTEM32\DBGHELP.DLL
0x00007ffcbc1d0000 - 0x00007ffcbc1f9000 	C:\windows\SYSTEM32\dbgcore.DLL
0x00007ffcac2f0000 - 0x00007ffcac319000 	E:\home\jdk-11.0.6_windows-x64_bin\jdk-11.0.6\bin\java.dll
0x00007ffca88d0000 - 0x00007ffca88e6000 	E:\home\jdk-11.0.6_windows-x64_bin\jdk-11.0.6\bin\zip.dll
0x00007ffcb1670000 - 0x00007ffcb167a000 	E:\home\jdk-11.0.6_windows-x64_bin\jdk-11.0.6\bin\jimage.dll
0x00007ffcbebe0000 - 0x00007ffcc00e5000 	C:\windows\System32\SHELL32.dll
0x00007ffcbcc60000 - 0x00007ffcbd333000 	C:\windows\System32\windows.storage.dll
0x00007ffcbc920000 - 0x00007ffcbc96c000 	C:\windows\System32\powrprof.dll
0x00007ffcbdc30000 - 0x00007ffcbdc82000 	C:\windows\System32\shlwapi.dll
0x00007ffcbcbb0000 - 0x00007ffcbcc58000 	C:\windows\System32\shcore.dll
0x00007ffcbc900000 - 0x00007ffcbc914000 	C:\windows\System32\profapi.dll
0x00007ffca65c0000 - 0x00007ffca65d9000 	E:\home\jdk-11.0.6_windows-x64_bin\jdk-11.0.6\bin\net.dll
0x00007ffcb4b00000 - 0x00007ffcb4bcd000 	C:\windows\SYSTEM32\WINHTTP.dll
0x00007ffcbbca0000 - 0x00007ffcbbcfd000 	C:\windows\system32\mswsock.dll
0x00007ffc9fd40000 - 0x00007ffc9fd53000 	E:\home\jdk-11.0.6_windows-x64_bin\jdk-11.0.6\bin\nio.dll
0x00007ffca8810000 - 0x00007ffca8837000 	C:\Users\Administrator\.gradle\native\fdc75f09e3144964f2cf3f50f0aa648679c211496f362492102eb8c894070792\windows-amd64\native-platform.dll
0x00007ffc8c650000 - 0x00007ffc8c7e6000 	C:\Users\Administrator\.gradle\native\12488b8bf47d2d4c9fbf2f6322a914ad602e24e48041cd04a747c6da556b65c4\windows-amd64\native-platform-file-events.dll
0x00007ffcaf1e0000 - 0x00007ffcaf1e9000 	E:\home\jdk-11.0.6_windows-x64_bin\jdk-11.0.6\bin\management.dll
0x00007ffcaf110000 - 0x00007ffcaf11c000 	E:\home\jdk-11.0.6_windows-x64_bin\jdk-11.0.6\bin\management_ext.dll
0x00007ffcbc760000 - 0x00007ffcbc777000 	C:\windows\SYSTEM32\CRYPTSP.dll
0x00007ffcbb850000 - 0x00007ffcbb883000 	C:\windows\system32\rsaenh.dll
0x00007ffcbc840000 - 0x00007ffcbc86b000 	C:\windows\SYSTEM32\bcrypt.dll
0x00007ffcbbad0000 - 0x00007ffcbbaf0000 	C:\windows\SYSTEM32\USERENV.dll
0x00007ffcbbe60000 - 0x00007ffcbbe6b000 	C:\windows\SYSTEM32\CRYPTBASE.dll
0x00007ffcbb9d0000 - 0x00007ffcbba08000 	C:\windows\SYSTEM32\IPHLPAPI.DLL
0x00007ffcbe050000 - 0x00007ffcbe058000 	C:\windows\System32\NSI.dll
0x00007ffcb1530000 - 0x00007ffcb1546000 	C:\windows\SYSTEM32\dhcpcsvc6.DLL
0x00007ffcb3430000 - 0x00007ffcb344a000 	C:\windows\SYSTEM32\dhcpcsvc.DLL
0x00007ffcb4bd0000 - 0x00007ffcb4bdb000 	C:\windows\SYSTEM32\WINNSI.DLL

dbghelp: loaded successfully - version: 4.0.5 - missing functions: none
symbol engine: initialized successfully - sym options: 0x614 - pdb path: .;E:\home\jdk-11.0.6_windows-x64_bin\jdk-11.0.6\bin;C:\windows\SYSTEM32;C:\windows\WinSxS\amd64_microsoft.windows.common-controls_6595b64144ccf1df_6.0.14393.4169_none_7de0bbf28341b1f2;E:\home\jdk-11.0.6_windows-x64_bin\jdk-11.0.6\bin\server;C:\Users\Administrator\.gradle\native\fdc75f09e3144964f2cf3f50f0aa648679c211496f362492102eb8c894070792\windows-amd64;C:\Users\Administrator\.gradle\native\12488b8bf47d2d4c9fbf2f6322a914ad602e24e48041cd04a747c6da556b65c4\windows-amd64

VM Arguments:
jvm_args: --add-opens=java.base/java.util=ALL-UNNAMED --add-opens=java.base/java.lang=ALL-UNNAMED --add-opens=java.base/java.lang.invoke=ALL-UNNAMED --add-opens=java.prefs/java.util.prefs=ALL-UNNAMED -XX:MaxMetaspaceSize=256m -XX:+HeapDumpOnOutOfMemoryError -Xms256m -Xmx512m -Dfile.encoding=UTF-8 -Duser.country=CN -Duser.language=zh -Duser.variant 
java_command: org.gradle.launcher.daemon.bootstrap.GradleDaemon 6.8
java_class_path (initial): C:\Users\Administrator\.gradle\wrapper\dists\gradle-6.8-bin\1jblhjyydfkclfzx1agp92nyl\gradle-6.8\lib\gradle-launcher-6.8.jar
Launcher Type: SUN_STANDARD

[Global flags]
     intx CICompilerCount                          = 3                                         {product} {ergonomic}
   size_t CompressedClassSpaceSize                 = 260046848                                 {product} {ergonomic}
     uint ConcGCThreads                            = 1                                         {product} {ergonomic}
     uint G1ConcRefinementThreads                  = 4                                         {product} {ergonomic}
   size_t G1HeapRegionSize                         = 1048576                                   {product} {ergonomic}
    uintx GCDrainStackTargetSize                   = 64                                        {product} {ergonomic}
     bool HeapDumpOnOutOfMemoryError               = true                                   {manageable} {command line}
   size_t InitialHeapSize                          = 268435456                                 {product} {command line}
   size_t MarkStackSize                            = 4194304                                   {product} {ergonomic}
   size_t MaxHeapSize                              = 536870912                                 {product} {command line}
   size_t MaxMetaspaceSize                         = 268435456                                 {product} {command line}
   size_t MaxNewSize                               = 321912832                                 {product} {ergonomic}
   size_t MinHeapDeltaBytes                        = 1048576                                   {product} {ergonomic}
    uintx NonNMethodCodeHeapSize                   = 5830732                                {pd product} {ergonomic}
    uintx NonProfiledCodeHeapSize                  = 122913754                              {pd product} {ergonomic}
    uintx ProfiledCodeHeapSize                     = 122913754                              {pd product} {ergonomic}
    uintx ReservedCodeCacheSize                    = 251658240                              {pd product} {ergonomic}
     bool SegmentedCodeCache                       = true                                      {product} {ergonomic}
     bool UseCompressedClassPointers               = true                                 {lp64_product} {ergonomic}
     bool UseCompressedOops                        = true                                 {lp64_product} {ergonomic}
     bool UseG1GC                                  = true                                      {product} {ergonomic}
     bool UseLargePagesIndividualAllocation        = false                                  {pd product} {ergonomic}

Logging:
Log output configuration:
 #0: stdout all=warning uptime,level,tags
 #1: stderr all=off uptime,level,tags

Environment Variables:
JAVA_HOME=E:\home\jdk-11.0.6_windows-x64_bin\jdk-11.0.6
PATH=F:\software\oracleDB\product\11.2.0\dbhome_1\bin;C:\Program Files (x86)\NetSarang\Xftp 6\;C:\windows\system32;C:\windows;C:\windows\System32\Wbem;C:\windows\System32\WindowsPowerShell\v1.0\;C:\Users\Administrator\Downloads\gradle-5.4-rc-1-bin\gradle-5.4-rc-1\bin;F:\software\redis;F:\software\apache-maven-3.5.4-bin\apache-maven-3.5.4\bin;D:\Program Files\mongdb\bin;D:\Program Files\nodejs;C:\Program Files (x86)\NVIDIA Corporation\PhysX\Common;C:\Program Files\TortoiseSVN\bin;C:\Program Files\Git\cmd;C:\Users\Administrator\AppData\Roaming\npm;G:\mysql-5.7.24-winx64\bin;F:\software\mysql-5.6.41-winx64\bin;G:\rocketmq-all-4.4.0\bin;F:\repo\hadoop-common-bin-master\2.7.3\bin;C:\Users\Administrator\AppData\Local\Programs\Python\Python37;C:\Program Files\Microsoft SQL Server\110\DTS\Binn\;C:\Program Files (x86)\Microsoft SQL Server\110\Tools\Binn\;C:\Program Files\Microsoft SQL Server\110\Tools\Binn\;C:\Program Files (x86)\Microsoft SQL Server\110\Tools\Binn\ManagementStudio\;C:\Program Files (x86)\Microsoft Visual Studio 10.0\Common7\IDE\PrivateAssemblies\;C:\Program Files (x86)\Microsoft SQL Server\110\DTS\Binn\;F:\software\apache-ant-1.9.14-bin\apache-ant-1.9.14\bin;C:\Program Files (x86)\NetSarang\Xshell 7\;C:\Program Files (x86)\NetSarang\Xftp 7\;C:\Program Files\MIT\Kerberos\bin;E:\home\jdk-11.0.6_windows-x64_bin\jdk-11.0.6\bin;C:\Users\Administrator\AppData\Local\Microsoft\WindowsApps;;D:\Program Files (x86)\Docker Toolbox;D:\Program Files\IntelliJ IDEA 2019.3.2\bin;;C:\Program Files\JetBrains\DataGrip 2021.1\bin;
USERNAME=Administrator
OS=Windows_NT
PROCESSOR_IDENTIFIER=Intel64 Family 6 Model 142 Stepping 9, GenuineIntel



---------------  S Y S T E M  ---------------

OS: Windows 10 , 64 bit Build 14393 (10.0.14393.4651)

CPU:total 4 (initial active 4) (2 cores per cpu, 2 threads per core) family 6 model 142 stepping 9, cmov, cx8, fxsr, mmx, sse, sse2, sse3, ssse3, sse4.1, sse4.2, popcnt, avx, avx2, aes, clmul, erms, 3dnowpref, lzcnt, ht, tsc, tscinvbit, bmi1, bmi2, adx, fma

Memory: 4k page, system-wide physical 16286M (2713M free)
TotalPageFile size 34079M (AvailPageFile size 36M)
current process WorkingSet (physical memory assigned to process): 323M, peak: 323M
current process commit charge ("private bytes"): 454M, peak: 454M

vm_info: Java HotSpot(TM) 64-Bit Server VM (11.0.6+8-LTS) for windows-amd64 JRE (11.0.6+8-LTS), built on Dec 11 2019 09:17:57 by "mach5one" with MS VC++ 15.5 (VS2017)

END.
